TN:
SF:dist/index.js
FN:2,(anonymous_0)
FN:36,(anonymous_1)
FN:37,(anonymous_2)
FN:38,(anonymous_3)
FN:39,(anonymous_4)
FN:40,(anonymous_5)
FN:41,(anonymous_6)
FN:42,(anonymous_7)
FN:43,(anonymous_8)
FN:45,(anonymous_9)
FN:46,(anonymous_10)
FNF:11
FNH:1
FNDA:14,(anonymous_0)
FNDA:0,(anonymous_1)
FNDA:0,(anonymous_2)
FNDA:0,(anonymous_3)
FNDA:0,(anonymous_4)
FNDA:0,(anonymous_5)
FNDA:0,(anonymous_6)
FNDA:0,(anonymous_7)
FNDA:0,(anonymous_8)
FNDA:0,(anonymous_9)
FNDA:0,(anonymous_10)
DA:2,1
DA:3,14
DA:5,1
DA:6,1
DA:21,1
DA:22,1
DA:23,1
DA:24,1
DA:25,1
DA:26,1
DA:27,1
DA:28,1
DA:29,1
DA:30,1
DA:31,1
DA:32,1
DA:33,1
DA:34,1
DA:35,1
DA:36,1
DA:37,1
DA:38,1
DA:39,1
DA:40,1
DA:41,1
DA:42,1
DA:43,1
DA:44,1
DA:45,1
DA:46,1
DA:47,1
DA:48,1
DA:49,1
DA:50,1
DA:51,1
DA:52,1
DA:53,1
DA:54,1
DA:55,1
DA:56,1
DA:57,1
DA:58,1
DA:59,1
DA:60,1
LF:44
LH:44
BRDA:2,0,0,1
BRDA:2,0,1,1
BRDA:2,0,2,1
BRDA:3,1,0,14
BRDA:3,1,1,0
BRDA:3,2,0,14
BRDA:3,2,1,14
BRF:7
BRH:6
end_of_record
TN:
SF:dist/core/datetime.js
FN:2,(anonymous_0)
FN:28,(anonymous_1)
FN:29,TimeSeries
FN:41,(anonymous_3)
FN:42,(anonymous_4)
FN:62,(anonymous_5)
FN:63,(anonymous_6)
FN:82,(anonymous_7)
FN:83,(anonymous_8)
FN:103,(anonymous_9)
FN:104,(anonymous_10)
FN:124,(anonymous_11)
FN:125,(anonymous_12)
FN:144,(anonymous_13)
FN:145,(anonymous_14)
FN:165,(anonymous_15)
FN:166,(anonymous_16)
FN:186,(anonymous_17)
FN:187,(anonymous_18)
FN:206,(anonymous_19)
FN:207,(anonymous_20)
FN:226,(anonymous_21)
FN:227,(anonymous_22)
FN:233,(anonymous_23)
FNF:24
FNH:2
FNDA:1,(anonymous_0)
FNDA:1,(anonymous_1)
FNDA:0,TimeSeries
FNDA:0,(anonymous_3)
FNDA:0,(anonymous_4)
FNDA:0,(anonymous_5)
FNDA:0,(anonymous_6)
FNDA:0,(anonymous_7)
FNDA:0,(anonymous_8)
FNDA:0,(anonymous_9)
FNDA:0,(anonymous_10)
FNDA:0,(anonymous_11)
FNDA:0,(anonymous_12)
FNDA:0,(anonymous_13)
FNDA:0,(anonymous_14)
FNDA:0,(anonymous_15)
FNDA:0,(anonymous_16)
FNDA:0,(anonymous_17)
FNDA:0,(anonymous_18)
FNDA:0,(anonymous_19)
FNDA:0,(anonymous_20)
FNDA:0,(anonymous_21)
FNDA:0,(anonymous_22)
FNDA:0,(anonymous_23)
DA:2,1
DA:3,1
DA:5,1
DA:6,1
DA:21,1
DA:22,1
DA:23,1
DA:28,1
DA:30,0
DA:31,0
DA:34,0
DA:41,1
DA:42,0
DA:43,0
DA:62,1
DA:63,0
DA:64,0
DA:82,1
DA:83,0
DA:84,0
DA:103,1
DA:104,0
DA:105,0
DA:124,1
DA:125,0
DA:126,0
DA:144,1
DA:145,0
DA:146,0
DA:165,1
DA:166,0
DA:167,0
DA:186,1
DA:187,0
DA:188,0
DA:206,1
DA:207,0
DA:208,0
DA:226,1
DA:227,0
DA:228,0
DA:230,1
DA:232,1
DA:233,1
DA:234,0
DA:236,1
LF:46
LH:22
BRDA:2,0,0,1
BRDA:2,0,1,1
BRDA:2,0,2,1
BRDA:3,1,0,1
BRDA:3,1,1,0
BRDA:3,2,0,1
BRDA:3,2,1,1
BRDA:30,3,0,0
BRDA:30,3,1,0
BRF:9
BRH:6
end_of_record
TN:
SF:dist/core/frame.js
FN:2,(anonymous_0)
FN:3,(anonymous_1)
FN:5,(anonymous_2)
FN:6,(anonymous_3)
FN:9,(anonymous_4)
FN:13,__
FN:17,(anonymous_6)
FN:18,(anonymous_7)
FN:28,(anonymous_8)
FN:29,adopt
FN:29,(anonymous_10)
FN:30,(anonymous_11)
FN:31,fulfilled
FN:32,rejected
FN:33,step
FN:37,(anonymous_15)
FN:38,(anonymous_16)
FN:39,(anonymous_17)
FN:40,verb
FN:40,(anonymous_19)
FN:41,step
FN:64,(anonymous_21)
FN:73,(anonymous_22)
FN:99,(anonymous_23)
FN:101,DataFrame
FN:114,(anonymous_25)
FN:118,(anonymous_26)
FN:121,(anonymous_27)
FN:128,(anonymous_28)
FN:131,(anonymous_29)
FN:134,(anonymous_30)
FN:150,(anonymous_31)
FN:198,(anonymous_32)
FN:239,(anonymous_33)
FN:252,(anonymous_34)
FN:271,(anonymous_35)
FN:273,(anonymous_36)
FN:281,(anonymous_37)
FN:312,(anonymous_38)
FN:319,(anonymous_39)
FN:349,(anonymous_40)
FN:406,(anonymous_41)
FN:432,(anonymous_42)
FN:439,(anonymous_43)
FN:517,(anonymous_44)
FN:531,(anonymous_45)
FN:547,(anonymous_46)
FN:549,(anonymous_47)
FN:551,(anonymous_48)
FN:576,(anonymous_49)
FN:593,(anonymous_50)
FN:610,(anonymous_51)
FN:627,(anonymous_52)
FN:644,(anonymous_53)
FN:661,(anonymous_54)
FN:676,(anonymous_55)
FN:685,(anonymous_56)
FN:685,(anonymous_57)
FN:692,(anonymous_58)
FN:701,(anonymous_59)
FN:709,(anonymous_60)
FN:718,(anonymous_61)
FN:733,(anonymous_62)
FN:742,(anonymous_63)
FN:755,(anonymous_64)
FN:764,(anonymous_65)
FN:777,(anonymous_66)
FN:786,(anonymous_67)
FN:793,(anonymous_68)
FN:802,(anonymous_69)
FN:810,(anonymous_70)
FN:826,(anonymous_71)
FN:842,(anonymous_72)
FN:858,(anonymous_73)
FN:874,(anonymous_74)
FN:890,(anonymous_75)
FN:905,(anonymous_76)
FN:911,(anonymous_77)
FN:918,(anonymous_78)
FN:924,(anonymous_79)
FN:925,(anonymous_80)
FN:942,(anonymous_81)
FN:944,(anonymous_82)
FN:944,(anonymous_83)
FN:962,(anonymous_84)
FN:988,(anonymous_85)
FN:997,(anonymous_86)
FN:1006,(anonymous_87)
FN:1015,(anonymous_88)
FN:1022,(anonymous_89)
FN:1026,(anonymous_90)
FN:1083,(anonymous_91)
FN:1085,(anonymous_92)
FN:1108,(anonymous_93)
FN:1179,(anonymous_94)
FN:1231,(anonymous_95)
FN:1244,(anonymous_96)
FN:1248,(anonymous_97)
FN:1271,(anonymous_98)
FN:1284,(anonymous_99)
FN:1293,(anonymous_100)
FN:1295,(anonymous_101)
FN:1343,(anonymous_102)
FN:1454,(anonymous_103)
FN:1464,(anonymous_104)
FN:1468,(anonymous_105)
FN:1485,(anonymous_106)
FN:1545,(anonymous_107)
FN:1552,(anonymous_108)
FN:1567,(anonymous_109)
FN:1573,(anonymous_110)
FN:1612,(anonymous_111)
FN:1614,(anonymous_112)
FN:1615,(anonymous_113)
FN:1636,(anonymous_114)
FN:1643,(anonymous_115)
FN:1648,(anonymous_116)
FN:1664,(anonymous_117)
FN:1667,(anonymous_118)
FN:1685,(anonymous_119)
FN:1689,(anonymous_120)
FN:1703,(anonymous_121)
FN:1718,(anonymous_122)
FN:1725,(anonymous_123)
FN:1737,(anonymous_124)
FN:1739,(anonymous_125)
FN:1767,(anonymous_126)
FN:1777,(anonymous_127)
FN:1814,(anonymous_128)
FN:1820,(anonymous_129)
FN:1840,(anonymous_130)
FN:1846,(anonymous_131)
FN:1867,(anonymous_132)
FN:1893,(anonymous_133)
FN:1898,(anonymous_134)
FN:1902,(anonymous_135)
FN:1903,(anonymous_136)
FN:1924,(anonymous_137)
FN:1971,(anonymous_138)
FN:1993,(anonymous_139)
FN:2014,(anonymous_140)
FN:2035,(anonymous_141)
FNF:142
FNH:12
FNDA:1,(anonymous_0)
FNDA:1,(anonymous_1)
FNDA:0,(anonymous_2)
FNDA:0,(anonymous_3)
FNDA:1,(anonymous_4)
FNDA:1,__
FNDA:1,(anonymous_6)
FNDA:0,(anonymous_7)
FNDA:0,(anonymous_8)
FNDA:0,adopt
FNDA:0,(anonymous_10)
FNDA:0,(anonymous_11)
FNDA:0,fulfilled
FNDA:0,rejected
FNDA:0,step
FNDA:0,(anonymous_15)
FNDA:0,(anonymous_16)
FNDA:0,(anonymous_17)
FNDA:0,verb
FNDA:0,(anonymous_19)
FNDA:0,step
FNDA:8,(anonymous_21)
FNDA:5,(anonymous_22)
FNDA:1,(anonymous_23)
FNDA:3,DataFrame
FNDA:3,(anonymous_25)
FNDA:0,(anonymous_26)
FNDA:0,(anonymous_27)
FNDA:14,(anonymous_28)
FNDA:0,(anonymous_29)
FNDA:0,(anonymous_30)
FNDA:0,(anonymous_31)
FNDA:0,(anonymous_32)
FNDA:0,(anonymous_33)
FNDA:0,(anonymous_34)
FNDA:0,(anonymous_35)
FNDA:0,(anonymous_36)
FNDA:0,(anonymous_37)
FNDA:0,(anonymous_38)
FNDA:0,(anonymous_39)
FNDA:0,(anonymous_40)
FNDA:0,(anonymous_41)
FNDA:0,(anonymous_42)
FNDA:1,(anonymous_43)
FNDA:0,(anonymous_44)
FNDA:0,(anonymous_45)
FNDA:0,(anonymous_46)
FNDA:0,(anonymous_47)
FNDA:0,(anonymous_48)
FNDA:0,(anonymous_49)
FNDA:0,(anonymous_50)
FNDA:0,(anonymous_51)
FNDA:0,(anonymous_52)
FNDA:0,(anonymous_53)
FNDA:0,(anonymous_54)
FNDA:0,(anonymous_55)
FNDA:0,(anonymous_56)
FNDA:0,(anonymous_57)
FNDA:0,(anonymous_58)
FNDA:0,(anonymous_59)
FNDA:0,(anonymous_60)
FNDA:0,(anonymous_61)
FNDA:0,(anonymous_62)
FNDA:0,(anonymous_63)
FNDA:0,(anonymous_64)
FNDA:0,(anonymous_65)
FNDA:0,(anonymous_66)
FNDA:0,(anonymous_67)
FNDA:0,(anonymous_68)
FNDA:0,(anonymous_69)
FNDA:0,(anonymous_70)
FNDA:0,(anonymous_71)
FNDA:0,(anonymous_72)
FNDA:0,(anonymous_73)
FNDA:0,(anonymous_74)
FNDA:0,(anonymous_75)
FNDA:0,(anonymous_76)
FNDA:0,(anonymous_77)
FNDA:0,(anonymous_78)
FNDA:0,(anonymous_79)
FNDA:0,(anonymous_80)
FNDA:0,(anonymous_81)
FNDA:0,(anonymous_82)
FNDA:0,(anonymous_83)
FNDA:0,(anonymous_84)
FNDA:0,(anonymous_85)
FNDA:0,(anonymous_86)
FNDA:0,(anonymous_87)
FNDA:0,(anonymous_88)
FNDA:0,(anonymous_89)
FNDA:0,(anonymous_90)
FNDA:0,(anonymous_91)
FNDA:0,(anonymous_92)
FNDA:0,(anonymous_93)
FNDA:0,(anonymous_94)
FNDA:0,(anonymous_95)
FNDA:0,(anonymous_96)
FNDA:0,(anonymous_97)
FNDA:0,(anonymous_98)
FNDA:0,(anonymous_99)
FNDA:0,(anonymous_100)
FNDA:0,(anonymous_101)
FNDA:0,(anonymous_102)
FNDA:0,(anonymous_103)
FNDA:0,(anonymous_104)
FNDA:0,(anonymous_105)
FNDA:0,(anonymous_106)
FNDA:0,(anonymous_107)
FNDA:0,(anonymous_108)
FNDA:0,(anonymous_109)
FNDA:0,(anonymous_110)
FNDA:0,(anonymous_111)
FNDA:0,(anonymous_112)
FNDA:0,(anonymous_113)
FNDA:0,(anonymous_114)
FNDA:0,(anonymous_115)
FNDA:0,(anonymous_116)
FNDA:0,(anonymous_117)
FNDA:0,(anonymous_118)
FNDA:0,(anonymous_119)
FNDA:0,(anonymous_120)
FNDA:0,(anonymous_121)
FNDA:0,(anonymous_122)
FNDA:0,(anonymous_123)
FNDA:0,(anonymous_124)
FNDA:0,(anonymous_125)
FNDA:0,(anonymous_126)
FNDA:0,(anonymous_127)
FNDA:0,(anonymous_128)
FNDA:0,(anonymous_129)
FNDA:0,(anonymous_130)
FNDA:0,(anonymous_131)
FNDA:0,(anonymous_132)
FNDA:0,(anonymous_133)
FNDA:0,(anonymous_134)
FNDA:0,(anonymous_135)
FNDA:0,(anonymous_136)
FNDA:0,(anonymous_137)
FNDA:0,(anonymous_138)
FNDA:0,(anonymous_139)
FNDA:0,(anonymous_140)
FNDA:0,(anonymous_141)
DA:2,1
DA:3,1
DA:4,1
DA:5,0
DA:6,0
DA:7,1
DA:9,1
DA:10,1
DA:11,0
DA:12,1
DA:13,1
DA:14,1
DA:17,1
DA:18,1
DA:19,0
DA:20,0
DA:21,0
DA:22,0
DA:24,0
DA:26,1
DA:28,1
DA:29,0
DA:30,0
DA:31,0
DA:32,0
DA:33,0
DA:34,0
DA:37,1
DA:38,0
DA:39,0
DA:40,0
DA:42,0
DA:43,0
DA:44,0
DA:45,0
DA:46,0
DA:47,0
DA:48,0
DA:49,0
DA:50,0
DA:52,0
DA:53,0
DA:54,0
DA:55,0
DA:56,0
DA:57,0
DA:59,0
DA:60,0
DA:61,0
DA:64,1
DA:65,8
DA:66,48
DA:67,0
DA:68,0
DA:71,8
DA:73,1
DA:74,5
DA:76,1
DA:77,1
DA:78,1
DA:79,1
DA:80,1
DA:81,1
DA:82,1
DA:83,1
DA:84,1
DA:85,1
DA:86,1
DA:87,1
DA:99,1
DA:100,1
DA:102,3
DA:103,3
DA:104,3
DA:105,3
DA:106,3
DA:107,3
DA:114,1
DA:115,3
DA:116,3
DA:117,0
DA:119,0
DA:122,0
DA:127,3
DA:128,3
DA:129,14
DA:130,14
DA:132,0
DA:135,0
DA:139,3
DA:140,3
DA:141,14
DA:150,1
DA:151,0
DA:152,0
DA:153,0
DA:154,0
DA:156,0
DA:157,0
DA:158,0
DA:159,0
DA:160,0
DA:161,0
DA:162,0
DA:163,0
DA:164,0
DA:166,0
DA:167,0
DA:175,0
DA:179,0
DA:180,0
DA:181,0
DA:189,0
DA:198,1
DA:199,0
DA:200,0
DA:201,0
DA:204,0
DA:205,0
DA:207,0
DA:208,0
DA:211,0
DA:213,0
DA:214,0
DA:216,0
DA:218,0
DA:219,0
DA:222,0
DA:226,0
DA:227,0
DA:230,0
DA:232,0
DA:239,1
DA:240,0
DA:241,0
DA:242,0
DA:243,0
DA:244,0
DA:246,0
DA:252,1
DA:253,0
DA:254,0
DA:257,0
DA:258,0
DA:259,0
DA:262,0
DA:264,0
DA:271,1
DA:272,0
DA:273,0
DA:274,0
DA:281,1
DA:282,0
DA:283,0
DA:285,0
DA:286,0
DA:288,0
DA:289,0
DA:290,0
DA:293,0
DA:296,0
DA:297,0
DA:298,0
DA:301,0
DA:305,0
DA:312,1
DA:313,0
DA:314,0
DA:315,0
DA:317,0
DA:319,1
DA:320,0
DA:321,0
DA:323,0
DA:324,0
DA:326,0
DA:327,0
DA:329,0
DA:330,0
DA:332,0
DA:333,0
DA:335,0
DA:336,0
DA:338,0
DA:339,0
DA:341,0
DA:342,0
DA:349,1
DA:351,0
DA:353,0
DA:354,0
DA:356,0
DA:357,0
DA:359,0
DA:360,0
DA:362,0
DA:363,0
DA:365,0
DA:366,0
DA:368,0
DA:369,0
DA:371,0
DA:372,0
DA:373,0
DA:376,0
DA:406,1
DA:407,0
DA:408,0
DA:432,1
DA:433,0
DA:434,0
DA:439,1
DA:440,1
DA:441,1
DA:443,1
DA:444,1
DA:445,1
DA:446,1
DA:448,0
DA:449,0
DA:451,0
DA:452,0
DA:453,0
DA:454,0
DA:455,0
DA:457,0
DA:461,0
DA:465,0
DA:466,0
DA:467,0
DA:470,0
DA:471,0
DA:472,0
DA:473,0
DA:474,0
DA:477,0
DA:478,0
DA:479,0
DA:480,0
DA:485,1
DA:486,1
DA:487,1
DA:488,1
DA:490,0
DA:491,0
DA:492,0
DA:495,1
DA:496,1
DA:499,1
DA:500,6
DA:501,6
DA:502,6
DA:505,1
DA:506,1
DA:507,1
DA:508,6
DA:510,1
DA:511,1
DA:517,1
DA:518,0
DA:519,0
DA:520,0
DA:522,0
DA:523,0
DA:525,0
DA:531,1
DA:532,0
DA:533,0
DA:534,0
DA:536,0
DA:537,0
DA:539,0
DA:540,0
DA:547,1
DA:548,0
DA:549,0
DA:551,0
DA:552,0
DA:554,0
DA:555,0
DA:556,0
DA:558,0
DA:559,0
DA:561,0
DA:563,0
DA:564,0
DA:565,0
DA:576,1
DA:577,0
DA:578,0
DA:579,0
DA:581,0
DA:582,0
DA:584,0
DA:585,0
DA:593,1
DA:594,0
DA:595,0
DA:596,0
DA:598,0
DA:599,0
DA:601,0
DA:602,0
DA:610,1
DA:611,0
DA:612,0
DA:613,0
DA:615,0
DA:616,0
DA:618,0
DA:619,0
DA:627,1
DA:628,0
DA:629,0
DA:630,0
DA:632,0
DA:633,0
DA:635,0
DA:636,0
DA:644,1
DA:645,0
DA:646,0
DA:647,0
DA:649,0
DA:650,0
DA:652,0
DA:653,0
DA:661,1
DA:662,0
DA:663,0
DA:664,0
DA:666,0
DA:667,0
DA:669,0
DA:670,0
DA:676,1
DA:677,0
DA:678,0
DA:679,0
DA:681,0
DA:682,0
DA:684,0
DA:685,0
DA:686,0
DA:692,1
DA:693,0
DA:694,0
DA:695,0
DA:697,0
DA:698,0
DA:700,0
DA:701,0
DA:702,0
DA:709,1
DA:710,0
DA:711,0
DA:712,0
DA:714,0
DA:715,0
DA:717,0
DA:718,0
DA:719,0
DA:720,0
DA:721,0
DA:724,0
DA:727,0
DA:733,1
DA:734,0
DA:735,0
DA:736,0
DA:738,0
DA:739,0
DA:741,0
DA:742,0
DA:743,0
DA:744,0
DA:745,0
DA:747,0
DA:749,0
DA:755,1
DA:756,0
DA:757,0
DA:758,0
DA:760,0
DA:761,0
DA:763,0
DA:764,0
DA:765,0
DA:766,0
DA:767,0
DA:769,0
DA:771,0
DA:777,1
DA:778,0
DA:779,0
DA:780,0
DA:782,0
DA:783,0
DA:785,0
DA:786,0
DA:787,0
DA:793,1
DA:794,0
DA:795,0
DA:796,0
DA:798,0
DA:799,0
DA:801,0
DA:802,0
DA:803,0
DA:810,1
DA:811,0
DA:812,0
DA:813,0
DA:815,0
DA:816,0
DA:818,0
DA:819,0
DA:826,1
DA:827,0
DA:828,0
DA:829,0
DA:831,0
DA:832,0
DA:834,0
DA:835,0
DA:842,1
DA:843,0
DA:844,0
DA:845,0
DA:847,0
DA:848,0
DA:850,0
DA:851,0
DA:858,1
DA:859,0
DA:860,0
DA:861,0
DA:863,0
DA:864,0
DA:866,0
DA:867,0
DA:874,1
DA:875,0
DA:876,0
DA:877,0
DA:879,0
DA:880,0
DA:882,0
DA:883,0
DA:890,1
DA:891,0
DA:892,0
DA:893,0
DA:895,0
DA:896,0
DA:898,0
DA:899,0
DA:905,1
DA:906,0
DA:907,0
DA:908,0
DA:910,0
DA:911,0
DA:912,0
DA:918,1
DA:919,0
DA:920,0
DA:921,0
DA:923,0
DA:924,0
DA:925,0
DA:927,0
DA:928,0
DA:933,0
DA:942,1
DA:943,0
DA:944,0
DA:945,0
DA:946,0
DA:949,0
DA:962,1
DA:963,0
DA:964,0
DA:965,0
DA:966,0
DA:968,0
DA:969,0
DA:971,0
DA:972,0
DA:973,0
DA:976,0
DA:988,1
DA:989,0
DA:990,0
DA:997,1
DA:998,0
DA:999,0
DA:1006,1
DA:1007,0
DA:1008,0
DA:1015,1
DA:1016,0
DA:1017,0
DA:1022,1
DA:1023,0
DA:1024,0
DA:1025,0
DA:1026,0
DA:1027,0
DA:1028,0
DA:1029,0
DA:1030,0
DA:1031,0
DA:1033,0
DA:1034,0
DA:1035,0
DA:1038,0
DA:1040,0
DA:1042,0
DA:1043,0
DA:1044,0
DA:1047,0
DA:1049,0
DA:1051,0
DA:1052,0
DA:1053,0
DA:1055,0
DA:1056,0
DA:1057,0
DA:1060,0
DA:1062,0
DA:1063,0
DA:1065,0
DA:1066,0
DA:1069,0
DA:1083,1
DA:1084,0
DA:1085,0
DA:1086,0
DA:1087,0
DA:1088,0
DA:1089,0
DA:1090,0
DA:1091,0
DA:1092,0
DA:1093,0
DA:1094,0
DA:1095,0
DA:1096,0
DA:1097,0
DA:1098,0
DA:1100,0
DA:1101,0
DA:1108,1
DA:1109,0
DA:1110,0
DA:1111,0
DA:1112,0
DA:1114,0
DA:1115,0
DA:1116,0
DA:1117,0
DA:1118,0
DA:1119,0
DA:1120,0
DA:1121,0
DA:1122,0
DA:1125,0
DA:1126,0
DA:1127,0
DA:1130,0
DA:1139,0
DA:1140,0
DA:1141,0
DA:1142,0
DA:1143,0
DA:1146,0
DA:1148,0
DA:1149,0
DA:1150,0
DA:1151,0
DA:1152,0
DA:1153,0
DA:1154,0
DA:1157,0
DA:1158,0
DA:1159,0
DA:1160,0
DA:1161,0
DA:1164,0
DA:1179,1
DA:1180,0
DA:1181,0
DA:1182,0
DA:1184,0
DA:1185,0
DA:1187,0
DA:1188,0
DA:1189,0
DA:1190,0
DA:1191,0
DA:1193,0
DA:1194,0
DA:1197,0
DA:1199,0
DA:1200,0
DA:1202,0
DA:1203,0
DA:1204,0
DA:1205,0
DA:1206,0
DA:1207,0
DA:1209,0
DA:1210,0
DA:1211,0
DA:1212,0
DA:1215,0
DA:1221,0
DA:1225,0
DA:1231,1
DA:1232,0
DA:1238,0
DA:1244,1
DA:1245,0
DA:1246,0
DA:1247,0
DA:1248,0
DA:1249,0
DA:1250,0
DA:1253,0
DA:1256,0
DA:1258,0
DA:1263,0
DA:1271,1
DA:1272,0
DA:1273,0
DA:1274,0
DA:1275,0
DA:1277,0
DA:1278,0
DA:1279,0
DA:1281,0
DA:1282,0
DA:1284,0
DA:1285,0
DA:1286,0
DA:1290,0
DA:1291,0
DA:1292,0
DA:1293,0
DA:1294,0
DA:1295,0
DA:1296,0
DA:1297,0
DA:1298,0
DA:1301,0
DA:1304,0
DA:1307,0
DA:1308,0
DA:1313,0
DA:1314,0
DA:1315,0
DA:1316,0
DA:1317,0
DA:1318,0
DA:1319,0
DA:1321,0
DA:1324,0
DA:1325,0
DA:1328,0
DA:1334,0
DA:1343,1
DA:1344,0
DA:1345,0
DA:1346,0
DA:1348,0
DA:1349,0
DA:1351,0
DA:1352,0
DA:1353,0
DA:1354,0
DA:1356,0
DA:1357,0
DA:1358,0
DA:1359,0
DA:1360,0
DA:1362,0
DA:1366,0
DA:1368,0
DA:1369,0
DA:1370,0
DA:1371,0
DA:1372,0
DA:1373,0
DA:1374,0
DA:1375,0
DA:1376,0
DA:1379,0
DA:1381,0
DA:1382,0
DA:1383,0
DA:1384,0
DA:1385,0
DA:1388,0
DA:1389,0
DA:1390,0
DA:1393,0
DA:1399,0
DA:1402,0
DA:1403,0
DA:1404,0
DA:1405,0
DA:1407,0
DA:1408,0
DA:1409,0
DA:1410,0
DA:1411,0
DA:1413,0
DA:1417,0
DA:1419,0
DA:1420,0
DA:1421,0
DA:1422,0
DA:1423,0
DA:1424,0
DA:1427,0
DA:1428,0
DA:1429,0
DA:1430,0
DA:1433,0
DA:1434,0
DA:1435,0
DA:1438,0
DA:1444,0
DA:1454,1
DA:1455,0
DA:1456,0
DA:1457,0
DA:1459,0
DA:1460,0
DA:1462,0
DA:1463,0
DA:1464,0
DA:1465,0
DA:1467,0
DA:1468,0
DA:1469,0
DA:1470,0
DA:1471,0
DA:1472,0
DA:1475,0
DA:1485,1
DA:1486,0
DA:1487,0
DA:1488,0
DA:1490,0
DA:1491,0
DA:1492,0
DA:1493,0
DA:1495,0
DA:1496,0
DA:1498,0
DA:1500,0
DA:1501,0
DA:1502,0
DA:1504,0
DA:1506,0
DA:1507,0
DA:1508,0
DA:1509,0
DA:1510,0
DA:1511,0
DA:1512,0
DA:1513,0
DA:1514,0
DA:1517,0
DA:1523,0
DA:1527,0
DA:1528,0
DA:1531,0
DA:1537,0
DA:1545,1
DA:1546,0
DA:1547,0
DA:1548,0
DA:1551,0
DA:1552,0
DA:1557,0
DA:1567,1
DA:1568,0
DA:1569,0
DA:1570,0
DA:1572,0
DA:1573,0
DA:1574,0
DA:1576,0
DA:1577,0
DA:1578,0
DA:1583,0
DA:1592,0
DA:1593,0
DA:1598,0
DA:1612,1
DA:1613,0
DA:1614,0
DA:1615,0
DA:1616,0
DA:1618,0
DA:1620,0
DA:1621,0
DA:1624,0
DA:1636,1
DA:1637,0
DA:1643,1
DA:1644,0
DA:1645,0
DA:1646,0
DA:1648,0
DA:1649,0
DA:1650,0
DA:1653,0
DA:1654,0
DA:1655,0
DA:1656,0
DA:1659,0
DA:1664,1
DA:1665,0
DA:1666,0
DA:1667,0
DA:1668,0
DA:1669,0
DA:1670,0
DA:1671,0
DA:1674,0
DA:1681,1
DA:1686,0
DA:1687,0
DA:1689,0
DA:1703,1
DA:1704,0
DA:1705,0
DA:1706,0
DA:1707,0
DA:1709,0
DA:1710,0
DA:1712,0
DA:1713,0
DA:1714,0
DA:1715,0
DA:1717,0
DA:1718,0
DA:1719,0
DA:1720,0
DA:1721,0
DA:1723,0
DA:1725,0
DA:1726,0
DA:1727,0
DA:1728,0
DA:1729,0
DA:1730,0
DA:1733,0
DA:1737,0
DA:1738,0
DA:1739,0
DA:1740,0
DA:1741,0
DA:1744,0
DA:1749,0
DA:1750,0
DA:1753,0
DA:1767,1
DA:1768,0
DA:1769,0
DA:1770,0
DA:1771,0
DA:1773,0
DA:1774,0
DA:1776,0
DA:1777,0
DA:1778,0
DA:1779,0
DA:1780,0
DA:1782,0
DA:1783,0
DA:1784,0
DA:1786,0
DA:1787,0
DA:1788,0
DA:1790,0
DA:1791,0
DA:1792,0
DA:1795,0
DA:1796,0
DA:1799,0
DA:1800,0
DA:1801,0
DA:1814,1
DA:1815,0
DA:1816,0
DA:1817,0
DA:1819,0
DA:1820,0
DA:1821,0
DA:1822,0
DA:1828,0
DA:1840,1
DA:1841,0
DA:1842,0
DA:1843,0
DA:1845,0
DA:1846,0
DA:1847,0
DA:1848,0
DA:1851,0
DA:1854,0
DA:1855,0
DA:1858,0
DA:1867,0
DA:1868,0
DA:1869,0
DA:1872,0
DA:1875,0
DA:1876,0
DA:1879,0
DA:1893,1
DA:1894,0
DA:1895,0
DA:1896,0
DA:1897,0
DA:1898,0
DA:1899,0
DA:1901,0
DA:1902,0
DA:1903,0
DA:1904,0
DA:1905,0
DA:1906,0
DA:1909,0
DA:1924,1
DA:1925,0
DA:1926,0
DA:1927,0
DA:1929,0
DA:1930,0
DA:1932,0
DA:1933,0
DA:1934,0
DA:1935,0
DA:1937,0
DA:1939,0
DA:1940,0
DA:1941,0
DA:1943,0
DA:1945,0
DA:1946,0
DA:1947,0
DA:1950,0
DA:1952,0
DA:1953,0
DA:1957,0
DA:1959,0
DA:1960,0
DA:1961,0
DA:1964,0
DA:1966,0
DA:1967,0
DA:1969,0
DA:1970,0
DA:1971,0
DA:1972,0
DA:1973,0
DA:1975,0
DA:1976,0
DA:1977,0
DA:1980,0
DA:1993,1
DA:1994,0
DA:1995,0
DA:1996,0
DA:1998,0
DA:2002,0
DA:2003,0
DA:2004,0
DA:2007,0
DA:2010,1
DA:2015,0
DA:2035,1
DA:2036,0
DA:2037,0
DA:2038,0
DA:2039,0
DA:2040,0
DA:2043,0
DA:2046,1
DA:2048,1
LF:997
LH:142
BRDA:2,0,0,1
BRDA:2,0,1,1
BRDA:2,0,2,1
BRDA:4,1,0,1
BRDA:4,1,1,0
BRDA:4,1,2,0
BRDA:4,1,3,0
BRDA:6,2,0,0
BRDA:6,2,1,0
BRDA:10,3,0,0
BRDA:10,3,1,1
BRDA:10,4,0,1
BRDA:10,4,1,0
BRDA:14,5,0,0
BRDA:14,5,1,1
BRDA:17,6,0,1
BRDA:17,6,1,1
BRDA:17,6,2,1
BRDA:18,7,0,1
BRDA:18,7,1,0
BRDA:21,8,0,0
BRDA:21,8,1,0
BRDA:28,9,0,1
BRDA:28,9,1,1
BRDA:28,9,2,1
BRDA:29,10,0,0
BRDA:29,10,1,0
BRDA:30,11,0,0
BRDA:30,11,1,0
BRDA:33,12,0,0
BRDA:33,12,1,0
BRDA:34,13,0,0
BRDA:34,13,1,0
BRDA:37,14,0,1
BRDA:37,14,1,1
BRDA:37,14,2,1
BRDA:38,15,0,0
BRDA:38,15,1,0
BRDA:39,16,0,0
BRDA:39,16,1,0
BRDA:42,17,0,0
BRDA:42,17,1,0
BRDA:44,18,0,0
BRDA:44,18,1,0
BRDA:44,19,0,0
BRDA:44,19,1,0
BRDA:44,19,2,0
BRDA:44,20,0,0
BRDA:44,20,1,0
BRDA:44,21,0,0
BRDA:44,21,1,0
BRDA:44,22,0,0
BRDA:44,22,1,0
BRDA:44,23,0,0
BRDA:44,23,1,0
BRDA:45,24,0,0
BRDA:45,24,1,0
BRDA:47,25,0,0
BRDA:47,25,1,0
BRDA:47,25,2,0
BRDA:47,25,3,0
BRDA:47,25,4,0
BRDA:47,25,5,0
BRDA:52,26,0,0
BRDA:52,26,1,0
BRDA:52,27,0,0
BRDA:52,27,1,0
BRDA:52,27,2,0
BRDA:52,28,0,0
BRDA:52,28,1,0
BRDA:53,29,0,0
BRDA:53,29,1,0
BRDA:53,30,0,0
BRDA:53,30,1,0
BRDA:53,30,2,0
BRDA:53,30,3,0
BRDA:54,31,0,0
BRDA:54,31,1,0
BRDA:54,32,0,0
BRDA:54,32,1,0
BRDA:55,33,0,0
BRDA:55,33,1,0
BRDA:55,34,0,0
BRDA:55,34,1,0
BRDA:56,35,0,0
BRDA:56,35,1,0
BRDA:61,36,0,0
BRDA:61,36,1,0
BRDA:61,37,0,0
BRDA:61,37,1,0
BRDA:64,38,0,1
BRDA:64,38,1,1
BRDA:64,38,2,1
BRDA:65,39,0,8
BRDA:65,39,1,0
BRDA:65,40,0,8
BRDA:65,40,1,0
BRDA:66,41,0,0
BRDA:66,41,1,48
BRDA:66,42,0,48
BRDA:66,42,1,48
BRDA:67,43,0,0
BRDA:67,43,1,0
BRDA:71,44,0,8
BRDA:71,44,1,8
BRDA:73,45,0,1
BRDA:73,45,1,1
BRDA:73,45,2,1
BRDA:74,46,0,5
BRDA:74,46,1,0
BRDA:74,47,0,5
BRDA:74,47,1,5
BRDA:102,48,0,2
BRDA:102,48,1,1
BRDA:105,49,0,3
BRDA:105,49,1,3
BRDA:116,50,0,0
BRDA:116,50,1,3
BRDA:116,51,0,3
BRDA:116,51,1,0
BRDA:151,52,0,0
BRDA:151,52,1,0
BRDA:153,53,0,0
BRDA:153,53,1,0
BRDA:160,54,0,0
BRDA:160,54,1,0
BRDA:166,55,0,0
BRDA:166,55,1,0
BRDA:180,56,0,0
BRDA:180,56,1,0
BRDA:200,57,0,0
BRDA:200,57,1,0
BRDA:204,58,0,0
BRDA:204,58,1,0
BRDA:207,59,0,0
BRDA:207,59,1,0
BRDA:213,60,0,0
BRDA:213,60,1,0
BRDA:216,61,0,0
BRDA:216,61,1,0
BRDA:253,62,0,0
BRDA:253,62,1,0
BRDA:258,63,0,0
BRDA:258,63,1,0
BRDA:282,64,0,0
BRDA:282,64,1,0
BRDA:285,65,0,0
BRDA:285,65,1,0
BRDA:288,66,0,0
BRDA:288,66,1,0
BRDA:289,67,0,0
BRDA:289,67,1,0
BRDA:296,68,0,0
BRDA:296,68,1,0
BRDA:297,69,0,0
BRDA:297,69,1,0
BRDA:314,70,0,0
BRDA:314,70,1,0
BRDA:322,71,0,0
BRDA:322,71,1,0
BRDA:322,71,2,0
BRDA:322,71,3,0
BRDA:322,71,4,0
BRDA:322,71,5,0
BRDA:352,72,0,0
BRDA:352,72,1,0
BRDA:352,72,2,0
BRDA:352,72,3,0
BRDA:352,72,4,0
BRDA:352,72,5,0
BRDA:371,73,0,0
BRDA:371,73,1,0
BRDA:372,74,0,0
BRDA:372,74,1,0
BRDA:372,75,0,0
BRDA:372,75,1,0
BRDA:446,76,0,0
BRDA:446,76,1,1
BRDA:455,77,0,0
BRDA:455,77,1,0
BRDA:488,78,0,0
BRDA:488,78,1,1
BRDA:518,79,0,0
BRDA:518,79,1,0
BRDA:519,80,0,0
BRDA:519,80,1,0
BRDA:522,81,0,0
BRDA:522,81,1,0
BRDA:532,82,0,0
BRDA:532,82,1,0
BRDA:533,83,0,0
BRDA:533,83,1,0
BRDA:536,84,0,0
BRDA:536,84,1,0
BRDA:548,85,0,0
BRDA:548,85,1,0
BRDA:553,86,0,0
BRDA:553,86,1,0
BRDA:555,87,0,0
BRDA:555,87,1,0
BRDA:558,88,0,0
BRDA:558,88,1,0
BRDA:578,89,0,0
BRDA:578,89,1,0
BRDA:581,90,0,0
BRDA:581,90,1,0
BRDA:595,91,0,0
BRDA:595,91,1,0
BRDA:598,92,0,0
BRDA:598,92,1,0
BRDA:612,93,0,0
BRDA:612,93,1,0
BRDA:615,94,0,0
BRDA:615,94,1,0
BRDA:629,95,0,0
BRDA:629,95,1,0
BRDA:632,96,0,0
BRDA:632,96,1,0
BRDA:646,97,0,0
BRDA:646,97,1,0
BRDA:649,98,0,0
BRDA:649,98,1,0
BRDA:663,99,0,0
BRDA:663,99,1,0
BRDA:666,100,0,0
BRDA:666,100,1,0
BRDA:678,101,0,0
BRDA:678,101,1,0
BRDA:681,102,0,0
BRDA:681,102,1,0
BRDA:694,103,0,0
BRDA:694,103,1,0
BRDA:697,104,0,0
BRDA:697,104,1,0
BRDA:711,105,0,0
BRDA:711,105,1,0
BRDA:714,106,0,0
BRDA:714,106,1,0
BRDA:720,107,0,0
BRDA:720,107,1,0
BRDA:735,108,0,0
BRDA:735,108,1,0
BRDA:738,109,0,0
BRDA:738,109,1,0
BRDA:745,110,0,0
BRDA:745,110,1,0
BRDA:757,111,0,0
BRDA:757,111,1,0
BRDA:760,112,0,0
BRDA:760,112,1,0
BRDA:767,113,0,0
BRDA:767,113,1,0
BRDA:779,114,0,0
BRDA:779,114,1,0
BRDA:782,115,0,0
BRDA:782,115,1,0
BRDA:795,116,0,0
BRDA:795,116,1,0
BRDA:798,117,0,0
BRDA:798,117,1,0
BRDA:812,118,0,0
BRDA:812,118,1,0
BRDA:815,119,0,0
BRDA:815,119,1,0
BRDA:828,120,0,0
BRDA:828,120,1,0
BRDA:831,121,0,0
BRDA:831,121,1,0
BRDA:844,122,0,0
BRDA:844,122,1,0
BRDA:847,123,0,0
BRDA:847,123,1,0
BRDA:860,124,0,0
BRDA:860,124,1,0
BRDA:863,125,0,0
BRDA:863,125,1,0
BRDA:876,126,0,0
BRDA:876,126,1,0
BRDA:879,127,0,0
BRDA:879,127,1,0
BRDA:892,128,0,0
BRDA:892,128,1,0
BRDA:895,129,0,0
BRDA:895,129,1,0
BRDA:907,130,0,0
BRDA:907,130,1,0
BRDA:920,131,0,0
BRDA:920,131,1,0
BRDA:927,132,0,0
BRDA:927,132,1,0
BRDA:945,133,0,0
BRDA:945,133,1,0
BRDA:963,134,0,0
BRDA:963,134,1,0
BRDA:965,135,0,0
BRDA:965,135,1,0
BRDA:968,136,0,0
BRDA:968,136,1,0
BRDA:972,137,0,0
BRDA:972,137,1,0
BRDA:1023,138,0,0
BRDA:1023,138,1,0
BRDA:1032,139,0,0
BRDA:1032,139,1,0
BRDA:1032,139,2,0
BRDA:1032,139,3,0
BRDA:1033,140,0,0
BRDA:1033,140,1,0
BRDA:1042,141,0,0
BRDA:1042,141,1,0
BRDA:1062,142,0,0
BRDA:1062,142,1,0
BRDA:1065,143,0,0
BRDA:1065,143,1,0
BRDA:1109,144,0,0
BRDA:1109,144,1,0
BRDA:1111,145,0,0
BRDA:1111,145,1,0
BRDA:1115,146,0,0
BRDA:1115,146,1,0
BRDA:1120,147,0,0
BRDA:1120,147,1,0
BRDA:1125,148,0,0
BRDA:1125,148,1,0
BRDA:1142,149,0,0
BRDA:1142,149,1,0
BRDA:1151,150,0,0
BRDA:1151,150,1,0
BRDA:1158,151,0,0
BRDA:1158,151,1,0
BRDA:1181,152,0,0
BRDA:1181,152,1,0
BRDA:1184,153,0,0
BRDA:1184,153,1,0
BRDA:1188,154,0,0
BRDA:1188,154,1,0
BRDA:1190,155,0,0
BRDA:1190,155,1,0
BRDA:1193,156,0,0
BRDA:1193,156,1,0
BRDA:1199,157,0,0
BRDA:1199,157,1,0
BRDA:1209,158,0,0
BRDA:1209,158,1,0
BRDA:1249,159,0,0
BRDA:1249,159,1,0
BRDA:1274,160,0,0
BRDA:1274,160,1,0
BRDA:1274,161,0,0
BRDA:1274,161,1,0
BRDA:1277,162,0,0
BRDA:1277,162,1,0
BRDA:1278,163,0,0
BRDA:1278,163,1,0
BRDA:1281,164,0,0
BRDA:1281,164,1,0
BRDA:1285,165,0,0
BRDA:1285,165,1,0
BRDA:1292,166,0,0
BRDA:1292,166,1,0
BRDA:1296,167,0,0
BRDA:1296,167,1,0
BRDA:1297,168,0,0
BRDA:1297,168,1,0
BRDA:1318,169,0,0
BRDA:1318,169,1,0
BRDA:1319,170,0,0
BRDA:1319,170,1,0
BRDA:1324,171,0,0
BRDA:1324,171,1,0
BRDA:1345,172,0,0
BRDA:1345,172,1,0
BRDA:1345,173,0,0
BRDA:1345,173,1,0
BRDA:1348,174,0,0
BRDA:1348,174,1,0
BRDA:1348,175,0,0
BRDA:1348,175,1,0
BRDA:1351,176,0,0
BRDA:1351,176,1,0
BRDA:1353,177,0,0
BRDA:1353,177,1,0
BRDA:1356,178,0,0
BRDA:1356,178,1,0
BRDA:1359,179,0,0
BRDA:1359,179,1,0
BRDA:1375,180,0,0
BRDA:1375,180,1,0
BRDA:1383,181,0,0
BRDA:1383,181,1,0
BRDA:1388,182,0,0
BRDA:1388,182,1,0
BRDA:1402,183,0,0
BRDA:1402,183,1,0
BRDA:1404,184,0,0
BRDA:1404,184,1,0
BRDA:1404,185,0,0
BRDA:1404,185,1,0
BRDA:1404,185,2,0
BRDA:1407,186,0,0
BRDA:1407,186,1,0
BRDA:1410,187,0,0
BRDA:1410,187,1,0
BRDA:1423,188,0,0
BRDA:1423,188,1,0
BRDA:1429,189,0,0
BRDA:1429,189,1,0
BRDA:1433,190,0,0
BRDA:1433,190,1,0
BRDA:1456,191,0,0
BRDA:1456,191,1,0
BRDA:1459,192,0,0
BRDA:1459,192,1,0
BRDA:1470,193,0,0
BRDA:1470,193,1,0
BRDA:1487,194,0,0
BRDA:1487,194,1,0
BRDA:1487,195,0,0
BRDA:1487,195,1,0
BRDA:1491,196,0,0
BRDA:1491,196,1,0
BRDA:1492,197,0,0
BRDA:1492,197,1,0
BRDA:1495,198,0,0
BRDA:1495,198,1,0
BRDA:1500,199,0,0
BRDA:1500,199,1,0
BRDA:1501,200,0,0
BRDA:1501,200,1,0
BRDA:1506,201,0,0
BRDA:1506,201,1,0
BRDA:1508,202,0,0
BRDA:1508,202,1,0
BRDA:1508,203,0,0
BRDA:1508,203,1,0
BRDA:1509,204,0,0
BRDA:1509,204,1,0
BRDA:1509,205,0,0
BRDA:1509,205,1,0
BRDA:1510,206,0,0
BRDA:1510,206,1,0
BRDA:1510,207,0,0
BRDA:1510,207,1,0
BRDA:1511,208,0,0
BRDA:1511,208,1,0
BRDA:1527,209,0,0
BRDA:1527,209,1,0
BRDA:1547,210,0,0
BRDA:1547,210,1,0
BRDA:1569,211,0,0
BRDA:1569,211,1,0
BRDA:1576,212,0,0
BRDA:1576,212,1,0
BRDA:1577,213,0,0
BRDA:1577,213,1,0
BRDA:1592,214,0,0
BRDA:1592,214,1,0
BRDA:1620,215,0,0
BRDA:1620,215,1,0
BRDA:1645,216,0,0
BRDA:1645,216,1,0
BRDA:1649,217,0,0
BRDA:1649,217,1,0
BRDA:1655,218,0,0
BRDA:1655,218,1,0
BRDA:1668,219,0,0
BRDA:1668,219,1,0
BRDA:1706,220,0,0
BRDA:1706,220,1,0
BRDA:1706,221,0,0
BRDA:1706,221,1,0
BRDA:1709,222,0,0
BRDA:1709,222,1,0
BRDA:1709,223,0,0
BRDA:1709,223,1,0
BRDA:1713,224,0,0
BRDA:1713,224,1,0
BRDA:1714,225,0,0
BRDA:1714,225,1,0
BRDA:1720,226,0,0
BRDA:1720,226,1,0
BRDA:1729,227,0,0
BRDA:1729,227,1,0
BRDA:1740,228,0,0
BRDA:1740,228,1,0
BRDA:1749,229,0,0
BRDA:1749,229,1,0
BRDA:1770,230,0,0
BRDA:1770,230,1,0
BRDA:1773,231,0,0
BRDA:1773,231,1,0
BRDA:1778,232,0,0
BRDA:1778,232,1,0
BRDA:1782,233,0,0
BRDA:1782,233,1,0
BRDA:1786,234,0,0
BRDA:1786,234,1,0
BRDA:1790,235,0,0
BRDA:1790,235,1,0
BRDA:1795,236,0,0
BRDA:1795,236,1,0
BRDA:1815,237,0,0
BRDA:1815,237,1,0
BRDA:1816,238,0,0
BRDA:1816,238,1,0
BRDA:1821,239,0,0
BRDA:1821,239,1,0
BRDA:1842,240,0,0
BRDA:1842,240,1,0
BRDA:1845,241,0,0
BRDA:1845,241,1,0
BRDA:1847,242,0,0
BRDA:1847,242,1,0
BRDA:1854,243,0,0
BRDA:1854,243,1,0
BRDA:1868,244,0,0
BRDA:1868,244,1,0
BRDA:1875,245,0,0
BRDA:1875,245,1,0
BRDA:1904,246,0,0
BRDA:1904,246,1,0
BRDA:1926,247,0,0
BRDA:1926,247,1,0
BRDA:1929,248,0,0
BRDA:1929,248,1,0
BRDA:1933,249,0,0
BRDA:1933,249,1,0
BRDA:1934,250,0,0
BRDA:1934,250,1,0
BRDA:1939,251,0,0
BRDA:1939,251,1,0
BRDA:1940,252,0,0
BRDA:1940,252,1,0
BRDA:1945,253,0,0
BRDA:1945,253,1,0
BRDA:1946,254,0,0
BRDA:1946,254,1,0
BRDA:1952,255,0,0
BRDA:1952,255,1,0
BRDA:1960,256,0,0
BRDA:1960,256,1,0
BRDA:1966,257,0,0
BRDA:1966,257,1,0
BRDA:1975,258,0,0
BRDA:1975,258,1,0
BRDA:1995,259,0,0
BRDA:1995,259,1,0
BRDA:2002,260,0,0
BRDA:2002,260,1,0
BRDA:2038,261,0,0
BRDA:2038,261,1,0
BRF:551
BRH:41
end_of_record
TN:
SF:dist/core/generic.js
FN:16,(anonymous_0)
FN:17,(anonymous_1)
FN:27,(anonymous_2)
FN:56,(anonymous_3)
FN:57,NDframe
FN:103,(anonymous_5)
FN:128,(anonymous_6)
FN:131,(anonymous_7)
FN:159,(anonymous_8)
FN:174,(anonymous_9)
FN:184,(anonymous_10)
FN:208,(anonymous_11)
FN:226,(anonymous_12)
FN:241,(anonymous_13)
FN:254,(anonymous_14)
FN:263,(anonymous_15)
FN:270,(anonymous_16)
FN:281,(anonymous_17)
FN:298,(anonymous_18)
FN:305,(anonymous_19)
FN:316,(anonymous_20)
FN:339,(anonymous_21)
FN:347,(anonymous_22)
FN:366,(anonymous_23)
FN:378,(anonymous_24)
FN:397,(anonymous_25)
FN:415,(anonymous_26)
FN:431,(anonymous_27)
FN:444,(anonymous_28)
FN:463,(anonymous_29)
FN:472,(anonymous_30)
FN:478,(anonymous_31)
FNF:32
FNH:14
FNDA:0,(anonymous_0)
FNDA:0,(anonymous_1)
FNDA:3,(anonymous_2)
FNDA:1,(anonymous_3)
FNDA:3,NDframe
FNDA:3,(anonymous_5)
FNDA:2,(anonymous_6)
FNDA:0,(anonymous_7)
FNDA:0,(anonymous_8)
FNDA:0,(anonymous_9)
FNDA:3,(anonymous_10)
FNDA:0,(anonymous_11)
FNDA:0,(anonymous_12)
FNDA:0,(anonymous_13)
FNDA:3,(anonymous_14)
FNDA:0,(anonymous_15)
FNDA:1,(anonymous_16)
FNDA:3,(anonymous_17)
FNDA:0,(anonymous_18)
FNDA:15,(anonymous_19)
FNDA:3,(anonymous_20)
FNDA:0,(anonymous_21)
FNDA:9,(anonymous_22)
FNDA:4,(anonymous_23)
FNDA:0,(anonymous_24)
FNDA:0,(anonymous_25)
FNDA:0,(anonymous_26)
FNDA:0,(anonymous_27)
FNDA:0,(anonymous_28)
FNDA:0,(anonymous_29)
FNDA:0,(anonymous_30)
FNDA:1,(anonymous_31)
DA:16,1
DA:17,0
DA:18,0
DA:19,0
DA:20,0
DA:21,0
DA:23,0
DA:25,0
DA:27,1
DA:28,3
DA:30,1
DA:31,1
DA:32,1
DA:33,1
DA:34,1
DA:35,1
DA:36,1
DA:37,1
DA:56,1
DA:58,3
DA:59,3
DA:60,3
DA:61,3
DA:62,3
DA:63,3
DA:64,3
DA:65,0
DA:68,3
DA:70,3
DA:71,0
DA:73,3
DA:74,0
DA:76,3
DA:77,0
DA:80,3
DA:81,0
DA:83,3
DA:84,2
DA:86,1
DA:89,1
DA:92,0
DA:103,1
DA:104,3
DA:106,3
DA:107,3
DA:110,3
DA:112,3
DA:113,3
DA:114,3
DA:128,1
DA:129,2
DA:130,2
DA:131,0
DA:132,0
DA:134,0
DA:135,0
DA:136,0
DA:139,0
DA:141,0
DA:144,2
DA:145,2
DA:146,2
DA:147,0
DA:150,2
DA:152,2
DA:155,1
DA:160,0
DA:161,0
DA:164,0
DA:170,1
DA:175,0
DA:184,1
DA:185,3
DA:186,0
DA:187,0
DA:188,0
DA:190,0
DA:191,0
DA:193,0
DA:196,0
DA:200,3
DA:201,0
DA:202,0
DA:204,0
DA:205,0
DA:208,0
DA:209,0
DA:210,0
DA:213,0
DA:217,3
DA:221,1
DA:227,0
DA:228,0
DA:231,0
DA:237,1
DA:242,0
DA:250,1
DA:255,3
DA:263,1
DA:264,0
DA:266,1
DA:271,1
DA:281,1
DA:282,3
DA:283,0
DA:284,0
DA:286,0
DA:287,0
DA:289,0
DA:292,3
DA:298,1
DA:299,0
DA:301,1
DA:306,15
DA:316,1
DA:317,3
DA:318,0
DA:319,0
DA:320,0
DA:322,0
DA:325,0
DA:329,3
DA:330,3
DA:331,0
DA:333,3
DA:334,0
DA:336,3
DA:339,0
DA:343,1
DA:348,9
DA:349,0
DA:350,9
DA:351,0
DA:354,9
DA:355,9
DA:356,9
DA:362,1
DA:367,4
DA:378,1
DA:379,0
DA:380,0
DA:381,0
DA:382,0
DA:383,0
DA:384,0
DA:386,0
DA:387,0
DA:388,0
DA:389,0
DA:393,0
DA:394,0
DA:396,0
DA:397,0
DA:398,0
DA:399,0
DA:403,0
DA:404,0
DA:405,0
DA:406,0
DA:410,1
DA:416,0
DA:417,0
DA:420,0
DA:426,1
DA:432,0
DA:444,1
DA:445,0
DA:463,1
DA:464,0
DA:472,1
DA:473,0
DA:478,1
DA:479,1
DA:481,1
DA:483,1
LF:175
LH:87
BRDA:16,0,0,1
BRDA:16,0,1,1
BRDA:16,0,2,1
BRDA:17,1,0,0
BRDA:17,1,1,0
BRDA:20,2,0,0
BRDA:20,2,1,0
BRDA:27,3,0,1
BRDA:27,3,1,1
BRDA:27,3,2,1
BRDA:28,4,0,3
BRDA:28,4,1,0
BRDA:28,5,0,3
BRDA:28,5,1,3
BRDA:64,6,0,0
BRDA:64,6,1,3
BRDA:70,7,0,0
BRDA:70,7,1,3
BRDA:73,8,0,0
BRDA:73,8,1,3
BRDA:73,9,0,3
BRDA:73,9,1,3
BRDA:73,9,2,1
BRDA:76,10,0,0
BRDA:76,10,1,3
BRDA:80,11,0,0
BRDA:80,11,1,3
BRDA:80,12,0,3
BRDA:80,12,1,1
BRDA:83,13,0,2
BRDA:83,13,1,1
BRDA:86,14,0,1
BRDA:86,14,1,0
BRDA:86,15,0,1
BRDA:86,15,1,0
BRDA:86,15,2,0
BRDA:107,16,0,3
BRDA:107,16,1,0
BRDA:130,17,0,0
BRDA:130,17,1,2
BRDA:130,18,0,2
BRDA:130,18,1,0
BRDA:135,19,0,0
BRDA:135,19,1,0
BRDA:146,20,0,0
BRDA:146,20,1,2
BRDA:160,21,0,0
BRDA:160,21,1,0
BRDA:185,22,0,0
BRDA:185,22,1,3
BRDA:186,23,0,0
BRDA:186,23,1,0
BRDA:187,24,0,0
BRDA:187,24,1,0
BRDA:187,25,0,0
BRDA:187,25,1,0
BRDA:190,26,0,0
BRDA:190,26,1,0
BRDA:200,27,0,0
BRDA:200,27,1,3
BRDA:201,28,0,0
BRDA:201,28,1,0
BRDA:201,29,0,0
BRDA:201,29,1,0
BRDA:204,30,0,0
BRDA:204,30,1,0
BRDA:204,31,0,0
BRDA:204,31,1,0
BRDA:209,32,0,0
BRDA:209,32,1,0
BRDA:227,33,0,0
BRDA:227,33,1,0
BRDA:282,34,0,0
BRDA:282,34,1,3
BRDA:283,35,0,0
BRDA:283,35,1,0
BRDA:283,36,0,0
BRDA:283,36,1,0
BRDA:286,37,0,0
BRDA:286,37,1,0
BRDA:317,38,0,0
BRDA:317,38,1,3
BRDA:318,39,0,0
BRDA:318,39,1,0
BRDA:319,40,0,0
BRDA:319,40,1,0
BRDA:319,41,0,0
BRDA:319,41,1,0
BRDA:319,41,2,0
BRDA:329,42,0,3
BRDA:329,42,1,0
BRDA:330,43,0,0
BRDA:330,43,1,3
BRDA:330,44,0,3
BRDA:330,44,1,3
BRDA:333,45,0,0
BRDA:333,45,1,3
BRDA:348,46,0,0
BRDA:348,46,1,9
BRDA:350,47,0,0
BRDA:350,47,1,9
BRDA:380,48,0,0
BRDA:380,48,1,0
BRDA:381,49,0,0
BRDA:381,49,1,0
BRDA:382,50,0,0
BRDA:382,50,1,0
BRDA:383,51,0,0
BRDA:383,51,1,0
BRDA:383,52,0,0
BRDA:383,52,1,0
BRDA:388,53,0,0
BRDA:388,53,1,0
BRDA:393,54,0,0
BRDA:393,54,1,0
BRDA:393,55,0,0
BRDA:393,55,1,0
BRDA:396,56,0,0
BRDA:396,56,1,0
BRDA:398,57,0,0
BRDA:398,57,1,0
BRDA:405,58,0,0
BRDA:405,58,1,0
BRDA:416,59,0,0
BRDA:416,59,1,0
BRF:125
BRH:38
end_of_record
TN:
SF:dist/core/indexing.js
FN:16,(anonymous_0)
FN:29,_iloc
FN:174,_loc
FN:190,(anonymous_3)
FN:242,(anonymous_4)
FN:265,(anonymous_5)
FN:287,(anonymous_6)
FN:297,(anonymous_7)
FNF:8
FNH:1
FNDA:3,(anonymous_0)
FNDA:0,_iloc
FNDA:0,_loc
FNDA:0,(anonymous_3)
FNDA:0,(anonymous_4)
FNDA:0,(anonymous_5)
FNDA:0,(anonymous_6)
FNDA:0,(anonymous_7)
DA:16,1
DA:17,3
DA:19,1
DA:20,1
DA:21,1
DA:22,1
DA:23,1
DA:24,1
DA:30,0
DA:33,0
DA:34,0
DA:35,0
DA:36,0
DA:38,0
DA:39,0
DA:41,0
DA:42,0
DA:44,0
DA:45,0
DA:47,0
DA:48,0
DA:49,0
DA:50,0
DA:52,0
DA:53,0
DA:55,0
DA:56,0
DA:58,0
DA:59,0
DA:60,0
DA:61,0
DA:63,0
DA:64,0
DA:66,0
DA:69,0
DA:70,0
DA:71,0
DA:72,0
DA:73,0
DA:75,0
DA:76,0
DA:78,0
DA:79,0
DA:81,0
DA:82,0
DA:85,0
DA:87,0
DA:88,0
DA:90,0
DA:91,0
DA:92,0
DA:93,0
DA:95,0
DA:96,0
DA:98,0
DA:99,0
DA:101,0
DA:102,0
DA:103,0
DA:104,0
DA:106,0
DA:107,0
DA:109,0
DA:112,0
DA:113,0
DA:114,0
DA:115,0
DA:117,0
DA:118,0
DA:121,0
DA:123,0
DA:124,0
DA:125,0
DA:126,0
DA:127,0
DA:128,0
DA:129,0
DA:131,0
DA:137,0
DA:140,0
DA:141,0
DA:142,0
DA:143,0
DA:144,0
DA:145,0
DA:146,0
DA:147,0
DA:148,0
DA:149,0
DA:150,0
DA:152,0
DA:153,0
DA:155,0
DA:156,0
DA:157,0
DA:158,0
DA:160,0
DA:166,0
DA:169,1
DA:175,0
DA:178,0
DA:179,0
DA:180,0
DA:181,0
DA:183,0
DA:184,0
DA:186,0
DA:187,0
DA:189,0
DA:190,0
DA:192,0
DA:193,0
DA:194,0
DA:195,0
DA:196,0
DA:199,0
DA:201,0
DA:202,0
DA:204,0
DA:208,0
DA:209,0
DA:210,0
DA:212,0
DA:213,0
DA:214,0
DA:215,0
DA:218,0
DA:219,0
DA:222,0
DA:225,0
DA:226,0
DA:229,0
DA:230,0
DA:233,0
DA:236,0
DA:237,0
DA:239,0
DA:240,0
DA:242,0
DA:247,0
DA:248,0
DA:249,0
DA:250,0
DA:251,0
DA:253,0
DA:254,0
DA:255,0
DA:256,0
DA:258,0
DA:261,0
DA:263,0
DA:264,0
DA:265,0
DA:267,0
DA:268,0
DA:269,0
DA:271,0
DA:272,0
DA:275,0
DA:276,0
DA:277,0
DA:279,0
DA:280,0
DA:281,0
DA:282,0
DA:284,0
DA:285,0
DA:287,0
DA:288,0
DA:292,0
DA:293,0
DA:294,0
DA:297,0
DA:299,0
DA:300,0
DA:301,0
DA:302,0
DA:303,0
DA:304,0
DA:305,0
DA:307,0
DA:313,0
DA:316,0
DA:317,0
DA:318,0
DA:319,0
DA:320,0
DA:321,0
DA:322,0
DA:323,0
DA:324,0
DA:325,0
DA:326,0
DA:328,0
DA:329,0
DA:331,0
DA:332,0
DA:333,0
DA:334,0
DA:336,0
DA:342,0
DA:345,1
LF:202
LH:10
BRDA:16,0,0,1
BRDA:16,0,1,1
BRDA:16,0,2,1
BRDA:17,1,0,3
BRDA:17,1,1,0
BRDA:17,2,0,3
BRDA:17,2,1,3
BRDA:35,3,0,0
BRDA:35,3,1,0
BRDA:38,4,0,0
BRDA:38,4,1,0
BRDA:38,5,0,0
BRDA:38,5,1,0
BRDA:41,6,0,0
BRDA:41,6,1,0
BRDA:41,7,0,0
BRDA:41,7,1,0
BRDA:44,8,0,0
BRDA:44,8,1,0
BRDA:47,9,0,0
BRDA:47,9,1,0
BRDA:47,10,0,0
BRDA:47,10,1,0
BRDA:49,11,0,0
BRDA:49,11,1,0
BRDA:52,12,0,0
BRDA:52,12,1,0
BRDA:52,13,0,0
BRDA:52,13,1,0
BRDA:55,14,0,0
BRDA:55,14,1,0
BRDA:55,15,0,0
BRDA:55,15,1,0
BRDA:58,16,0,0
BRDA:58,16,1,0
BRDA:59,17,0,0
BRDA:59,17,1,0
BRDA:60,18,0,0
BRDA:60,18,1,0
BRDA:63,19,0,0
BRDA:63,19,1,0
BRDA:72,20,0,0
BRDA:72,20,1,0
BRDA:75,21,0,0
BRDA:75,21,1,0
BRDA:75,22,0,0
BRDA:75,22,1,0
BRDA:78,23,0,0
BRDA:78,23,1,0
BRDA:78,24,0,0
BRDA:78,24,1,0
BRDA:81,25,0,0
BRDA:81,25,1,0
BRDA:87,26,0,0
BRDA:87,26,1,0
BRDA:90,27,0,0
BRDA:90,27,1,0
BRDA:90,28,0,0
BRDA:90,28,1,0
BRDA:92,29,0,0
BRDA:92,29,1,0
BRDA:95,30,0,0
BRDA:95,30,1,0
BRDA:95,31,0,0
BRDA:95,31,1,0
BRDA:98,32,0,0
BRDA:98,32,1,0
BRDA:98,33,0,0
BRDA:98,33,1,0
BRDA:101,34,0,0
BRDA:101,34,1,0
BRDA:102,35,0,0
BRDA:102,35,1,0
BRDA:103,36,0,0
BRDA:103,36,1,0
BRDA:106,37,0,0
BRDA:106,37,1,0
BRDA:114,38,0,0
BRDA:114,38,1,0
BRDA:117,39,0,0
BRDA:117,39,1,0
BRDA:123,40,0,0
BRDA:123,40,1,0
BRDA:180,41,0,0
BRDA:180,41,1,0
BRDA:183,42,0,0
BRDA:183,42,1,0
BRDA:183,43,0,0
BRDA:183,43,1,0
BRDA:186,44,0,0
BRDA:186,44,1,0
BRDA:186,45,0,0
BRDA:186,45,1,0
BRDA:189,46,0,0
BRDA:189,46,1,0
BRDA:192,47,0,0
BRDA:192,47,1,0
BRDA:192,48,0,0
BRDA:192,48,1,0
BRDA:193,49,0,0
BRDA:193,49,1,0
BRDA:195,50,0,0
BRDA:195,50,1,0
BRDA:195,51,0,0
BRDA:195,51,1,0
BRDA:195,51,2,0
BRDA:201,52,0,0
BRDA:201,52,1,0
BRDA:209,53,0,0
BRDA:209,53,1,0
BRDA:214,54,0,0
BRDA:214,54,1,0
BRDA:218,55,0,0
BRDA:218,55,1,0
BRDA:218,56,0,0
BRDA:218,56,1,0
BRDA:218,56,2,0
BRDA:225,57,0,0
BRDA:225,57,1,0
BRDA:229,58,0,0
BRDA:229,58,1,0
BRDA:229,59,0,0
BRDA:229,59,1,0
BRDA:229,59,2,0
BRDA:236,60,0,0
BRDA:236,60,1,0
BRDA:239,61,0,0
BRDA:239,61,1,0
BRDA:250,62,0,0
BRDA:250,62,1,0
BRDA:250,63,0,0
BRDA:250,63,1,0
BRDA:253,64,0,0
BRDA:253,64,1,0
BRDA:255,65,0,0
BRDA:255,65,1,0
BRDA:264,66,0,0
BRDA:264,66,1,0
BRDA:267,67,0,0
BRDA:267,67,1,0
BRDA:268,68,0,0
BRDA:268,68,1,0
BRDA:271,69,0,0
BRDA:271,69,1,0
BRDA:276,70,0,0
BRDA:276,70,1,0
BRDA:279,71,0,0
BRDA:279,71,1,0
BRDA:280,72,0,0
BRDA:280,72,1,0
BRDA:281,73,0,0
BRDA:281,73,1,0
BRDA:284,74,0,0
BRDA:284,74,1,0
BRDA:293,75,0,0
BRDA:293,75,1,0
BRDA:299,76,0,0
BRDA:299,76,1,0
BRF:158
BRH:6
end_of_record
TN:
SF:dist/core/math.ops.js
FN:2,(anonymous_0)
FN:34,_genericMathOp
FN:41,(anonymous_2)
FN:44,(anonymous_3)
FN:47,(anonymous_4)
FN:50,(anonymous_5)
FN:53,(anonymous_6)
FN:56,(anonymous_7)
FN:59,(anonymous_8)
FN:62,(anonymous_9)
FN:73,(anonymous_10)
FN:76,(anonymous_11)
FN:79,(anonymous_12)
FN:82,(anonymous_13)
FN:85,(anonymous_14)
FN:88,(anonymous_15)
FN:91,(anonymous_16)
FN:94,(anonymous_17)
FN:107,(anonymous_18)
FN:110,(anonymous_19)
FN:113,(anonymous_20)
FN:116,(anonymous_21)
FN:119,(anonymous_22)
FN:122,(anonymous_23)
FN:125,(anonymous_24)
FN:128,(anonymous_25)
FNF:26
FNH:1
FNDA:2,(anonymous_0)
FNDA:0,_genericMathOp
FNDA:0,(anonymous_2)
FNDA:0,(anonymous_3)
FNDA:0,(anonymous_4)
FNDA:0,(anonymous_5)
FNDA:0,(anonymous_6)
FNDA:0,(anonymous_7)
FNDA:0,(anonymous_8)
FNDA:0,(anonymous_9)
FNDA:0,(anonymous_10)
FNDA:0,(anonymous_11)
FNDA:0,(anonymous_12)
FNDA:0,(anonymous_13)
FNDA:0,(anonymous_14)
FNDA:0,(anonymous_15)
FNDA:0,(anonymous_16)
FNDA:0,(anonymous_17)
FNDA:0,(anonymous_18)
FNDA:0,(anonymous_19)
FNDA:0,(anonymous_20)
FNDA:0,(anonymous_21)
FNDA:0,(anonymous_22)
FNDA:0,(anonymous_23)
FNDA:0,(anonymous_24)
FNDA:0,(anonymous_25)
DA:2,1
DA:3,2
DA:5,1
DA:6,1
DA:21,1
DA:22,1
DA:23,1
DA:35,0
DA:36,0
DA:38,0
DA:39,0
DA:41,0
DA:42,0
DA:44,0
DA:45,0
DA:47,0
DA:48,0
DA:50,0
DA:51,0
DA:53,0
DA:54,0
DA:56,0
DA:57,0
DA:59,0
DA:60,0
DA:62,0
DA:63,0
DA:65,0
DA:68,0
DA:69,0
DA:70,0
DA:71,0
DA:73,0
DA:74,0
DA:76,0
DA:77,0
DA:79,0
DA:80,0
DA:82,0
DA:83,0
DA:85,0
DA:86,0
DA:88,0
DA:89,0
DA:91,0
DA:92,0
DA:94,0
DA:95,0
DA:97,0
DA:100,0
DA:101,0
DA:102,0
DA:104,0
DA:105,0
DA:107,0
DA:108,0
DA:110,0
DA:111,0
DA:113,0
DA:114,0
DA:116,0
DA:117,0
DA:119,0
DA:120,0
DA:122,0
DA:123,0
DA:125,0
DA:126,0
DA:128,0
DA:129,0
DA:133,0
DA:136,1
LF:72
LH:8
BRDA:2,0,0,1
BRDA:2,0,1,1
BRDA:2,0,2,1
BRDA:3,1,0,2
BRDA:3,1,1,0
BRDA:3,2,0,2
BRDA:3,2,1,2
BRDA:36,3,0,0
BRDA:36,3,1,0
BRDA:40,4,0,0
BRDA:40,4,1,0
BRDA:40,4,2,0
BRDA:40,4,3,0
BRDA:40,4,4,0
BRDA:40,4,5,0
BRDA:40,4,6,0
BRDA:40,4,7,0
BRDA:40,4,8,0
BRDA:68,5,0,0
BRDA:68,5,1,0
BRDA:72,6,0,0
BRDA:72,6,1,0
BRDA:72,6,2,0
BRDA:72,6,3,0
BRDA:72,6,4,0
BRDA:72,6,5,0
BRDA:72,6,6,0
BRDA:72,6,7,0
BRDA:72,6,8,0
BRDA:100,7,0,0
BRDA:100,7,1,0
BRDA:101,8,0,0
BRDA:101,8,1,0
BRDA:106,9,0,0
BRDA:106,9,1,0
BRDA:106,9,2,0
BRDA:106,9,3,0
BRDA:106,9,4,0
BRDA:106,9,5,0
BRDA:106,9,6,0
BRDA:106,9,7,0
BRF:41
BRH:6
end_of_record
TN:
SF:dist/core/series.js
FN:2,(anonymous_0)
FN:3,(anonymous_1)
FN:5,(anonymous_2)
FN:6,(anonymous_3)
FN:9,(anonymous_4)
FN:13,__
FN:17,(anonymous_6)
FN:18,(anonymous_7)
FN:28,(anonymous_8)
FN:29,adopt
FN:29,(anonymous_10)
FN:30,(anonymous_11)
FN:31,fulfilled
FN:32,rejected
FN:33,step
FN:37,(anonymous_15)
FN:38,(anonymous_16)
FN:39,(anonymous_17)
FN:40,verb
FN:40,(anonymous_19)
FN:41,step
FN:64,(anonymous_21)
FN:73,(anonymous_22)
FN:100,(anonymous_23)
FN:102,Series
FN:151,(anonymous_25)
FN:175,(anonymous_26)
FN:182,(anonymous_27)
FN:190,(anonymous_28)
FN:200,(anonymous_29)
FN:202,(anonymous_30)
FN:204,(anonymous_31)
FN:230,(anonymous_32)
FN:248,(anonymous_33)
FN:266,(anonymous_34)
FN:284,(anonymous_35)
FN:302,(anonymous_36)
FN:320,(anonymous_37)
FN:336,(anonymous_38)
FN:348,(anonymous_39)
FN:350,(anonymous_40)
FN:355,(anonymous_41)
FN:362,(anonymous_42)
FN:369,(anonymous_43)
FN:381,(anonymous_44)
FN:392,(anonymous_45)
FN:394,(anonymous_46)
FN:399,(anonymous_47)
FN:407,(anonymous_48)
FN:420,(anonymous_49)
FN:434,(anonymous_50)
FN:452,(anonymous_51)
FN:459,(anonymous_52)
FN:467,(anonymous_53)
FN:468,(anonymous_54)
FN:488,(anonymous_55)
FN:494,(anonymous_56)
FN:519,(anonymous_57)
FN:549,(anonymous_58)
FN:563,(anonymous_59)
FN:585,(anonymous_60)
FN:601,(anonymous_61)
FN:620,(anonymous_62)
FN:623,(anonymous_63)
FN:653,(anonymous_64)
FN:659,(anonymous_65)
FN:674,(anonymous_66)
FN:682,(anonymous_67)
FN:688,(anonymous_68)
FN:700,(anonymous_69)
FN:711,(anonymous_70)
FN:716,(anonymous_71)
FN:729,(anonymous_72)
FN:736,(anonymous_73)
FN:743,(anonymous_74)
FN:750,(anonymous_75)
FN:757,(anonymous_76)
FN:808,(anonymous_77)
FN:816,(anonymous_78)
FN:824,(anonymous_79)
FN:832,(anonymous_80)
FN:840,(anonymous_81)
FN:848,(anonymous_82)
FN:856,(anonymous_83)
FN:917,(anonymous_84)
FN:925,(anonymous_85)
FN:946,(anonymous_86)
FN:953,(anonymous_87)
FN:974,(anonymous_88)
FN:983,(anonymous_89)
FN:989,(anonymous_90)
FN:997,(anonymous_91)
FN:1014,(anonymous_92)
FN:1041,(anonymous_93)
FN:1053,(anonymous_94)
FN:1058,(anonymous_95)
FN:1063,(anonymous_96)
FN:1068,(anonymous_97)
FN:1073,(anonymous_98)
FN:1098,(anonymous_99)
FN:1112,(anonymous_100)
FN:1125,(anonymous_101)
FN:1152,(anonymous_102)
FN:1162,(anonymous_103)
FN:1177,(anonymous_104)
FN:1191,(anonymous_105)
FN:1205,(anonymous_106)
FN:1212,(anonymous_107)
FN:1224,(anonymous_108)
FN:1233,(anonymous_109)
FN:1242,(anonymous_110)
FN:1254,(anonymous_111)
FN:1266,(anonymous_112)
FN:1275,(anonymous_113)
FN:1284,(anonymous_114)
FN:1306,(anonymous_115)
FNF:116
FNH:6
FNDA:1,(anonymous_0)
FNDA:1,(anonymous_1)
FNDA:0,(anonymous_2)
FNDA:0,(anonymous_3)
FNDA:1,(anonymous_4)
FNDA:1,__
FNDA:0,(anonymous_6)
FNDA:0,(anonymous_7)
FNDA:0,(anonymous_8)
FNDA:0,adopt
FNDA:0,(anonymous_10)
FNDA:0,(anonymous_11)
FNDA:0,fulfilled
FNDA:0,rejected
FNDA:0,step
FNDA:0,(anonymous_15)
FNDA:0,(anonymous_16)
FNDA:0,(anonymous_17)
FNDA:0,verb
FNDA:0,(anonymous_19)
FNDA:0,step
FNDA:0,(anonymous_21)
FNDA:6,(anonymous_22)
FNDA:1,(anonymous_23)
FNDA:0,Series
FNDA:0,(anonymous_25)
FNDA:0,(anonymous_26)
FNDA:0,(anonymous_27)
FNDA:0,(anonymous_28)
FNDA:0,(anonymous_29)
FNDA:0,(anonymous_30)
FNDA:0,(anonymous_31)
FNDA:0,(anonymous_32)
FNDA:0,(anonymous_33)
FNDA:0,(anonymous_34)
FNDA:0,(anonymous_35)
FNDA:0,(anonymous_36)
FNDA:0,(anonymous_37)
FNDA:0,(anonymous_38)
FNDA:0,(anonymous_39)
FNDA:0,(anonymous_40)
FNDA:0,(anonymous_41)
FNDA:0,(anonymous_42)
FNDA:0,(anonymous_43)
FNDA:0,(anonymous_44)
FNDA:0,(anonymous_45)
FNDA:0,(anonymous_46)
FNDA:0,(anonymous_47)
FNDA:0,(anonymous_48)
FNDA:0,(anonymous_49)
FNDA:0,(anonymous_50)
FNDA:0,(anonymous_51)
FNDA:0,(anonymous_52)
FNDA:0,(anonymous_53)
FNDA:0,(anonymous_54)
FNDA:0,(anonymous_55)
FNDA:0,(anonymous_56)
FNDA:0,(anonymous_57)
FNDA:0,(anonymous_58)
FNDA:0,(anonymous_59)
FNDA:0,(anonymous_60)
FNDA:0,(anonymous_61)
FNDA:0,(anonymous_62)
FNDA:0,(anonymous_63)
FNDA:0,(anonymous_64)
FNDA:0,(anonymous_65)
FNDA:0,(anonymous_66)
FNDA:0,(anonymous_67)
FNDA:0,(anonymous_68)
FNDA:0,(anonymous_69)
FNDA:0,(anonymous_70)
FNDA:0,(anonymous_71)
FNDA:0,(anonymous_72)
FNDA:0,(anonymous_73)
FNDA:0,(anonymous_74)
FNDA:0,(anonymous_75)
FNDA:0,(anonymous_76)
FNDA:0,(anonymous_77)
FNDA:0,(anonymous_78)
FNDA:0,(anonymous_79)
FNDA:0,(anonymous_80)
FNDA:0,(anonymous_81)
FNDA:0,(anonymous_82)
FNDA:0,(anonymous_83)
FNDA:0,(anonymous_84)
FNDA:0,(anonymous_85)
FNDA:0,(anonymous_86)
FNDA:0,(anonymous_87)
FNDA:0,(anonymous_88)
FNDA:0,(anonymous_89)
FNDA:0,(anonymous_90)
FNDA:0,(anonymous_91)
FNDA:0,(anonymous_92)
FNDA:0,(anonymous_93)
FNDA:0,(anonymous_94)
FNDA:0,(anonymous_95)
FNDA:0,(anonymous_96)
FNDA:0,(anonymous_97)
FNDA:0,(anonymous_98)
FNDA:0,(anonymous_99)
FNDA:0,(anonymous_100)
FNDA:0,(anonymous_101)
FNDA:0,(anonymous_102)
FNDA:0,(anonymous_103)
FNDA:0,(anonymous_104)
FNDA:0,(anonymous_105)
FNDA:0,(anonymous_106)
FNDA:0,(anonymous_107)
FNDA:0,(anonymous_108)
FNDA:0,(anonymous_109)
FNDA:0,(anonymous_110)
FNDA:0,(anonymous_111)
FNDA:0,(anonymous_112)
FNDA:0,(anonymous_113)
FNDA:0,(anonymous_114)
FNDA:0,(anonymous_115)
DA:2,1
DA:3,1
DA:4,1
DA:5,0
DA:6,0
DA:7,1
DA:9,1
DA:10,1
DA:11,0
DA:12,1
DA:13,1
DA:14,1
DA:17,1
DA:18,0
DA:19,0
DA:20,0
DA:21,0
DA:22,0
DA:24,0
DA:26,0
DA:28,1
DA:29,0
DA:30,0
DA:31,0
DA:32,0
DA:33,0
DA:34,0
DA:37,1
DA:38,0
DA:39,0
DA:40,0
DA:42,0
DA:43,0
DA:44,0
DA:45,0
DA:46,0
DA:47,0
DA:48,0
DA:49,0
DA:50,0
DA:52,0
DA:53,0
DA:54,0
DA:55,0
DA:56,0
DA:57,0
DA:59,0
DA:60,0
DA:61,0
DA:64,1
DA:65,0
DA:66,0
DA:67,0
DA:68,0
DA:71,0
DA:73,1
DA:74,6
DA:76,1
DA:77,1
DA:78,1
DA:79,1
DA:80,1
DA:81,1
DA:82,1
DA:83,1
DA:84,1
DA:85,1
DA:86,1
DA:87,1
DA:88,1
DA:89,1
DA:100,1
DA:101,1
DA:103,0
DA:104,0
DA:105,0
DA:106,0
DA:107,0
DA:108,0
DA:109,0
DA:119,0
DA:128,0
DA:151,1
DA:152,0
DA:175,1
DA:176,0
DA:182,1
DA:183,0
DA:184,0
DA:190,1
DA:191,0
DA:192,0
DA:193,0
DA:200,1
DA:201,0
DA:202,0
DA:204,0
DA:205,0
DA:207,0
DA:208,0
DA:209,0
DA:211,0
DA:212,0
DA:214,0
DA:215,0
DA:217,0
DA:218,0
DA:219,0
DA:230,1
DA:231,0
DA:232,0
DA:233,0
DA:234,0
DA:235,0
DA:236,0
DA:239,0
DA:248,1
DA:249,0
DA:250,0
DA:251,0
DA:252,0
DA:253,0
DA:254,0
DA:257,0
DA:266,1
DA:267,0
DA:268,0
DA:269,0
DA:270,0
DA:271,0
DA:272,0
DA:275,0
DA:284,1
DA:285,0
DA:286,0
DA:287,0
DA:288,0
DA:289,0
DA:290,0
DA:293,0
DA:302,1
DA:303,0
DA:304,0
DA:305,0
DA:306,0
DA:307,0
DA:308,0
DA:311,0
DA:320,1
DA:321,0
DA:322,0
DA:323,0
DA:324,0
DA:325,0
DA:326,0
DA:329,0
DA:336,1
DA:337,0
DA:338,0
DA:339,0
DA:340,0
DA:341,0
DA:343,0
DA:348,1
DA:349,0
DA:350,0
DA:355,1
DA:356,0
DA:357,0
DA:362,1
DA:363,0
DA:364,0
DA:369,1
DA:370,0
DA:371,0
DA:372,0
DA:373,0
DA:375,0
DA:381,1
DA:382,0
DA:383,0
DA:384,0
DA:385,0
DA:387,0
DA:392,1
DA:393,0
DA:394,0
DA:399,1
DA:400,0
DA:401,0
DA:407,1
DA:408,0
DA:409,0
DA:410,0
DA:411,0
DA:420,1
DA:421,0
DA:422,0
DA:423,0
DA:424,0
DA:434,1
DA:435,0
DA:436,0
DA:437,0
DA:438,0
DA:439,0
DA:442,0
DA:452,1
DA:453,0
DA:454,0
DA:459,1
DA:460,0
DA:461,0
DA:467,1
DA:468,0
DA:469,0
DA:470,0
DA:473,0
DA:476,0
DA:481,0
DA:488,1
DA:489,0
DA:490,0
DA:491,0
DA:493,0
DA:494,0
DA:495,0
DA:496,0
DA:499,0
DA:502,0
DA:503,0
DA:506,0
DA:519,1
DA:520,0
DA:521,0
DA:522,0
DA:523,0
DA:524,0
DA:525,0
DA:526,0
DA:527,0
DA:529,0
DA:530,0
DA:531,0
DA:533,0
DA:534,0
DA:535,0
DA:538,0
DA:543,0
DA:549,1
DA:550,0
DA:556,0
DA:563,1
DA:564,0
DA:565,0
DA:568,0
DA:569,0
DA:570,0
DA:571,0
DA:572,0
DA:573,0
DA:574,0
DA:575,0
DA:576,0
DA:577,0
DA:578,0
DA:585,1
DA:586,0
DA:587,0
DA:588,0
DA:591,0
DA:592,0
DA:593,0
DA:601,1
DA:602,0
DA:603,0
DA:604,0
DA:606,0
DA:607,0
DA:610,0
DA:611,0
DA:612,0
DA:620,1
DA:621,0
DA:622,0
DA:623,0
DA:624,0
DA:625,0
DA:627,0
DA:628,0
DA:629,0
DA:632,0
DA:636,0
DA:639,0
DA:640,0
DA:643,0
DA:644,0
DA:645,0
DA:653,1
DA:654,0
DA:655,0
DA:656,0
DA:657,0
DA:659,0
DA:660,0
DA:662,0
DA:663,0
DA:666,0
DA:667,0
DA:668,0
DA:674,1
DA:675,0
DA:676,0
DA:677,0
DA:682,1
DA:683,0
DA:688,1
DA:689,0
DA:690,0
DA:691,0
DA:692,0
DA:693,0
DA:694,0
DA:697,0
DA:700,0
DA:701,0
DA:703,0
DA:704,0
DA:705,0
DA:711,1
DA:712,0
DA:713,0
DA:714,0
DA:716,0
DA:717,0
DA:718,0
DA:721,0
DA:722,0
DA:723,0
DA:729,1
DA:730,0
DA:731,0
DA:736,1
DA:737,0
DA:738,0
DA:743,1
DA:744,0
DA:745,0
DA:750,1
DA:751,0
DA:752,0
DA:757,1
DA:758,0
DA:759,0
DA:760,0
DA:761,0
DA:762,0
DA:763,0
DA:764,0
DA:765,0
DA:766,0
DA:768,0
DA:769,0
DA:770,0
DA:773,0
DA:775,0
DA:777,0
DA:778,0
DA:779,0
DA:782,0
DA:784,0
DA:786,0
DA:787,0
DA:788,0
DA:790,0
DA:791,0
DA:792,0
DA:795,0
DA:796,0
DA:799,0
DA:800,0
DA:801,0
DA:808,1
DA:809,0
DA:816,1
DA:817,0
DA:824,1
DA:825,0
DA:832,1
DA:833,0
DA:840,1
DA:841,0
DA:848,1
DA:849,0
DA:856,1
DA:857,0
DA:858,0
DA:860,0
DA:861,0
DA:863,0
DA:864,0
DA:866,0
DA:867,0
DA:869,0
DA:870,0
DA:873,0
DA:875,0
DA:876,0
DA:878,0
DA:879,0
DA:880,0
DA:881,0
DA:882,0
DA:884,0
DA:885,0
DA:886,0
DA:888,0
DA:889,0
DA:890,0
DA:892,0
DA:893,0
DA:894,0
DA:896,0
DA:897,0
DA:898,0
DA:900,0
DA:901,0
DA:902,0
DA:904,0
DA:905,0
DA:906,0
DA:909,0
DA:917,1
DA:918,0
DA:919,0
DA:920,0
DA:922,0
DA:923,0
DA:925,0
DA:926,0
DA:927,0
DA:930,0
DA:933,0
DA:934,0
DA:937,0
DA:938,0
DA:939,0
DA:946,1
DA:947,0
DA:948,0
DA:949,0
DA:950,0
DA:951,0
DA:952,0
DA:953,0
DA:954,0
DA:955,0
DA:956,0
DA:959,0
DA:960,0
DA:961,0
DA:964,0
DA:965,0
DA:966,0
DA:967,0
DA:974,1
DA:975,0
DA:976,0
DA:977,0
DA:978,0
DA:983,1
DA:984,0
DA:989,1
DA:990,0
DA:997,1
DA:998,0
DA:999,0
DA:1000,0
DA:1003,0
DA:1005,0
DA:1006,0
DA:1007,0
DA:1008,0
DA:1011,0
DA:1012,0
DA:1014,0
DA:1015,0
DA:1016,0
DA:1017,0
DA:1020,0
DA:1022,0
DA:1023,0
DA:1025,0
DA:1026,0
DA:1027,0
DA:1030,0
DA:1031,0
DA:1032,0
DA:1033,0
DA:1041,1
DA:1042,0
DA:1043,0
DA:1044,0
DA:1046,0
DA:1047,0
DA:1049,0
DA:1050,0
DA:1051,0
DA:1053,0
DA:1054,0
DA:1056,0
DA:1058,0
DA:1059,0
DA:1061,0
DA:1063,0
DA:1064,0
DA:1066,0
DA:1068,0
DA:1069,0
DA:1071,0
DA:1073,0
DA:1074,0
DA:1076,0
DA:1078,0
DA:1080,0
DA:1081,0
DA:1082,0
DA:1085,0
DA:1086,0
DA:1087,0
DA:1088,0
DA:1098,1
DA:1099,0
DA:1100,0
DA:1101,0
DA:1103,0
DA:1104,0
DA:1106,0
DA:1107,0
DA:1108,0
DA:1109,0
DA:1110,0
DA:1112,0
DA:1113,0
DA:1114,0
DA:1117,0
DA:1118,0
DA:1119,0
DA:1120,0
DA:1122,0
DA:1123,0
DA:1125,0
DA:1126,0
DA:1127,0
DA:1131,0
DA:1132,0
DA:1134,0
DA:1135,0
DA:1136,0
DA:1139,0
DA:1145,0
DA:1148,1
DA:1153,0
DA:1158,1
DA:1163,0
DA:1164,0
DA:1167,0
DA:1173,1
DA:1178,0
DA:1179,0
DA:1182,0
DA:1191,1
DA:1192,0
DA:1194,0
DA:1195,0
DA:1197,0
DA:1198,0
DA:1199,0
DA:1202,0
DA:1203,0
DA:1205,0
DA:1206,0
DA:1212,1
DA:1213,0
DA:1214,0
DA:1216,0
DA:1217,0
DA:1218,0
DA:1220,0
DA:1221,0
DA:1223,0
DA:1224,0
DA:1225,0
DA:1227,0
DA:1231,0
DA:1232,0
DA:1233,0
DA:1234,0
DA:1236,0
DA:1241,0
DA:1242,0
DA:1243,0
DA:1245,0
DA:1254,1
DA:1255,0
DA:1256,0
DA:1258,0
DA:1259,0
DA:1260,0
DA:1262,0
DA:1263,0
DA:1265,0
DA:1266,0
DA:1267,0
DA:1269,0
DA:1273,0
DA:1274,0
DA:1275,0
DA:1276,0
DA:1278,0
DA:1282,0
DA:1283,0
DA:1284,0
DA:1285,0
DA:1287,0
DA:1292,0
DA:1306,1
DA:1307,0
DA:1309,1
DA:1311,1
LF:630
LH:97
BRDA:2,0,0,1
BRDA:2,0,1,1
BRDA:2,0,2,1
BRDA:4,1,0,1
BRDA:4,1,1,0
BRDA:4,1,2,0
BRDA:4,1,3,0
BRDA:6,2,0,0
BRDA:6,2,1,0
BRDA:10,3,0,0
BRDA:10,3,1,1
BRDA:10,4,0,1
BRDA:10,4,1,0
BRDA:14,5,0,0
BRDA:14,5,1,1
BRDA:17,6,0,1
BRDA:17,6,1,1
BRDA:17,6,2,1
BRDA:18,7,0,0
BRDA:18,7,1,0
BRDA:21,8,0,0
BRDA:21,8,1,0
BRDA:28,9,0,1
BRDA:28,9,1,1
BRDA:28,9,2,1
BRDA:29,10,0,0
BRDA:29,10,1,0
BRDA:30,11,0,0
BRDA:30,11,1,0
BRDA:33,12,0,0
BRDA:33,12,1,0
BRDA:34,13,0,0
BRDA:34,13,1,0
BRDA:37,14,0,1
BRDA:37,14,1,1
BRDA:37,14,2,1
BRDA:38,15,0,0
BRDA:38,15,1,0
BRDA:39,16,0,0
BRDA:39,16,1,0
BRDA:42,17,0,0
BRDA:42,17,1,0
BRDA:44,18,0,0
BRDA:44,18,1,0
BRDA:44,19,0,0
BRDA:44,19,1,0
BRDA:44,19,2,0
BRDA:44,20,0,0
BRDA:44,20,1,0
BRDA:44,21,0,0
BRDA:44,21,1,0
BRDA:44,22,0,0
BRDA:44,22,1,0
BRDA:44,23,0,0
BRDA:44,23,1,0
BRDA:45,24,0,0
BRDA:45,24,1,0
BRDA:47,25,0,0
BRDA:47,25,1,0
BRDA:47,25,2,0
BRDA:47,25,3,0
BRDA:47,25,4,0
BRDA:47,25,5,0
BRDA:52,26,0,0
BRDA:52,26,1,0
BRDA:52,27,0,0
BRDA:52,27,1,0
BRDA:52,27,2,0
BRDA:52,28,0,0
BRDA:52,28,1,0
BRDA:53,29,0,0
BRDA:53,29,1,0
BRDA:53,30,0,0
BRDA:53,30,1,0
BRDA:53,30,2,0
BRDA:53,30,3,0
BRDA:54,31,0,0
BRDA:54,31,1,0
BRDA:54,32,0,0
BRDA:54,32,1,0
BRDA:55,33,0,0
BRDA:55,33,1,0
BRDA:55,34,0,0
BRDA:55,34,1,0
BRDA:56,35,0,0
BRDA:56,35,1,0
BRDA:61,36,0,0
BRDA:61,36,1,0
BRDA:61,37,0,0
BRDA:61,37,1,0
BRDA:64,38,0,1
BRDA:64,38,1,1
BRDA:64,38,2,1
BRDA:65,39,0,0
BRDA:65,39,1,0
BRDA:65,40,0,0
BRDA:65,40,1,0
BRDA:66,41,0,0
BRDA:66,41,1,0
BRDA:66,42,0,0
BRDA:66,42,1,0
BRDA:67,43,0,0
BRDA:67,43,1,0
BRDA:71,44,0,0
BRDA:71,44,1,0
BRDA:73,45,0,1
BRDA:73,45,1,1
BRDA:73,45,2,1
BRDA:74,46,0,6
BRDA:74,46,1,0
BRDA:74,47,0,6
BRDA:74,47,1,6
BRDA:103,48,0,0
BRDA:103,48,1,0
BRDA:104,49,0,0
BRDA:104,49,1,0
BRDA:107,50,0,0
BRDA:107,50,1,0
BRDA:107,51,0,0
BRDA:107,51,1,0
BRDA:109,52,0,0
BRDA:109,52,1,0
BRDA:119,53,0,0
BRDA:119,53,1,0
BRDA:183,54,0,0
BRDA:183,54,1,0
BRDA:191,55,0,0
BRDA:191,55,1,0
BRDA:201,56,0,0
BRDA:201,56,1,0
BRDA:206,57,0,0
BRDA:206,57,1,0
BRDA:208,58,0,0
BRDA:208,58,1,0
BRDA:211,59,0,0
BRDA:211,59,1,0
BRDA:211,60,0,0
BRDA:211,60,1,0
BRDA:214,61,0,0
BRDA:214,61,1,0
BRDA:232,62,0,0
BRDA:232,62,1,0
BRDA:235,63,0,0
BRDA:235,63,1,0
BRDA:250,64,0,0
BRDA:250,64,1,0
BRDA:253,65,0,0
BRDA:253,65,1,0
BRDA:268,66,0,0
BRDA:268,66,1,0
BRDA:271,67,0,0
BRDA:271,67,1,0
BRDA:286,68,0,0
BRDA:286,68,1,0
BRDA:289,69,0,0
BRDA:289,69,1,0
BRDA:304,70,0,0
BRDA:304,70,1,0
BRDA:307,71,0,0
BRDA:307,71,1,0
BRDA:322,72,0,0
BRDA:322,72,1,0
BRDA:325,73,0,0
BRDA:325,73,1,0
BRDA:337,74,0,0
BRDA:337,74,1,0
BRDA:340,75,0,0
BRDA:340,75,1,0
BRDA:373,76,0,0
BRDA:373,76,1,0
BRDA:385,77,0,0
BRDA:385,77,1,0
BRDA:408,78,0,0
BRDA:408,78,1,0
BRDA:421,79,0,0
BRDA:421,79,1,0
BRDA:435,80,0,0
BRDA:435,80,1,0
BRDA:438,81,0,0
BRDA:438,81,1,0
BRDA:469,82,0,0
BRDA:469,82,1,0
BRDA:469,83,0,0
BRDA:469,83,1,0
BRDA:490,84,0,0
BRDA:490,84,1,0
BRDA:490,85,0,0
BRDA:490,85,1,0
BRDA:495,86,0,0
BRDA:495,86,1,0
BRDA:495,87,0,0
BRDA:495,87,1,0
BRDA:502,88,0,0
BRDA:502,88,1,0
BRDA:520,89,0,0
BRDA:520,89,1,0
BRDA:529,90,0,0
BRDA:529,90,1,0
BRDA:533,91,0,0
BRDA:533,91,1,0
BRDA:564,92,0,0
BRDA:564,92,1,0
BRDA:587,93,0,0
BRDA:587,93,1,0
BRDA:603,94,0,0
BRDA:603,94,1,0
BRDA:606,95,0,0
BRDA:606,95,1,0
BRDA:624,96,0,0
BRDA:624,96,1,0
BRDA:627,97,0,0
BRDA:627,97,1,0
BRDA:628,98,0,0
BRDA:628,98,1,0
BRDA:639,99,0,0
BRDA:639,99,1,0
BRDA:656,100,0,0
BRDA:656,100,1,0
BRDA:662,101,0,0
BRDA:662,101,1,0
BRDA:693,102,0,0
BRDA:693,102,1,0
BRDA:701,103,0,0
BRDA:701,103,1,0
BRDA:713,104,0,0
BRDA:713,104,1,0
BRDA:717,105,0,0
BRDA:717,105,1,0
BRDA:758,106,0,0
BRDA:758,106,1,0
BRDA:767,107,0,0
BRDA:767,107,1,0
BRDA:767,107,2,0
BRDA:767,107,3,0
BRDA:768,108,0,0
BRDA:768,108,1,0
BRDA:777,109,0,0
BRDA:777,109,1,0
BRDA:795,110,0,0
BRDA:795,110,1,0
BRDA:860,111,0,0
BRDA:860,111,1,0
BRDA:863,112,0,0
BRDA:863,112,1,0
BRDA:863,113,0,0
BRDA:863,113,1,0
BRDA:866,114,0,0
BRDA:866,114,1,0
BRDA:869,115,0,0
BRDA:869,115,1,0
BRDA:875,116,0,0
BRDA:875,116,1,0
BRDA:883,117,0,0
BRDA:883,117,1,0
BRDA:883,117,2,0
BRDA:883,117,3,0
BRDA:883,117,4,0
BRDA:883,117,5,0
BRDA:884,118,0,0
BRDA:884,118,1,0
BRDA:888,119,0,0
BRDA:888,119,1,0
BRDA:892,120,0,0
BRDA:892,120,1,0
BRDA:896,121,0,0
BRDA:896,121,1,0
BRDA:900,122,0,0
BRDA:900,122,1,0
BRDA:904,123,0,0
BRDA:904,123,1,0
BRDA:919,124,0,0
BRDA:919,124,1,0
BRDA:919,125,0,0
BRDA:919,125,1,0
BRDA:922,126,0,0
BRDA:922,126,1,0
BRDA:922,127,0,0
BRDA:922,127,1,0
BRDA:926,128,0,0
BRDA:926,128,1,0
BRDA:933,129,0,0
BRDA:933,129,1,0
BRDA:954,130,0,0
BRDA:954,130,1,0
BRDA:959,131,0,0
BRDA:959,131,1,0
BRDA:975,132,0,0
BRDA:975,132,1,0
BRDA:977,133,0,0
BRDA:977,133,1,0
BRDA:977,134,0,0
BRDA:977,134,1,0
BRDA:999,135,0,0
BRDA:999,135,1,0
BRDA:1006,136,0,0
BRDA:1006,136,1,0
BRDA:1015,137,0,0
BRDA:1015,137,1,0
BRDA:1020,138,0,0
BRDA:1020,138,1,0
BRDA:1025,139,0,0
BRDA:1025,139,1,0
BRDA:1043,140,0,0
BRDA:1043,140,1,0
BRDA:1046,141,0,0
BRDA:1046,141,1,0
BRDA:1052,142,0,0
BRDA:1052,142,1,0
BRDA:1052,142,2,0
BRDA:1052,142,3,0
BRDA:1052,142,4,0
BRDA:1052,142,5,0
BRDA:1080,143,0,0
BRDA:1080,143,1,0
BRDA:1100,144,0,0
BRDA:1100,144,1,0
BRDA:1100,145,0,0
BRDA:1100,145,1,0
BRDA:1103,146,0,0
BRDA:1103,146,1,0
BRDA:1108,147,0,0
BRDA:1108,147,1,0
BRDA:1108,148,0,0
BRDA:1108,148,1,0
BRDA:1109,149,0,0
BRDA:1109,149,1,0
BRDA:1117,150,0,0
BRDA:1117,150,1,0
BRDA:1119,151,0,0
BRDA:1119,151,1,0
BRDA:1122,152,0,0
BRDA:1122,152,1,0
BRDA:1134,153,0,0
BRDA:1134,153,1,0
BRDA:1163,154,0,0
BRDA:1163,154,1,0
BRDA:1178,155,0,0
BRDA:1178,155,1,0
BRDA:1195,156,0,0
BRDA:1195,156,1,0
BRDA:1213,157,0,0
BRDA:1213,157,1,0
BRDA:1216,158,0,0
BRDA:1216,158,1,0
BRDA:1217,159,0,0
BRDA:1217,159,1,0
BRDA:1220,160,0,0
BRDA:1220,160,1,0
BRDA:1225,161,0,0
BRDA:1225,161,1,0
BRDA:1231,162,0,0
BRDA:1231,162,1,0
BRDA:1234,163,0,0
BRDA:1234,163,1,0
BRDA:1243,164,0,0
BRDA:1243,164,1,0
BRDA:1255,165,0,0
BRDA:1255,165,1,0
BRDA:1258,166,0,0
BRDA:1258,166,1,0
BRDA:1259,167,0,0
BRDA:1259,167,1,0
BRDA:1262,168,0,0
BRDA:1262,168,1,0
BRDA:1267,169,0,0
BRDA:1267,169,1,0
BRDA:1273,170,0,0
BRDA:1273,170,1,0
BRDA:1276,171,0,0
BRDA:1276,171,1,0
BRDA:1282,172,0,0
BRDA:1282,172,1,0
BRDA:1285,173,0,0
BRDA:1285,173,1,0
BRF:374
BRH:25
end_of_record
TN:
SF:dist/core/strings.js
FN:6,(anonymous_0)
FN:7,Str
FN:24,(anonymous_2)
FN:28,(anonymous_3)
FN:59,(anonymous_4)
FN:63,(anonymous_5)
FN:94,(anonymous_6)
FN:98,(anonymous_7)
FN:133,(anonymous_8)
FN:138,(anonymous_9)
FN:171,(anonymous_10)
FN:189,(anonymous_11)
FN:232,(anonymous_12)
FN:237,(anonymous_13)
FN:269,(anonymous_14)
FN:274,(anonymous_15)
FN:306,(anonymous_16)
FN:311,(anonymous_17)
FN:343,(anonymous_18)
FN:348,(anonymous_19)
FN:380,(anonymous_20)
FN:385,(anonymous_21)
FN:418,(anonymous_22)
FN:424,(anonymous_23)
FN:456,(anonymous_24)
FN:461,(anonymous_25)
FN:492,(anonymous_26)
FN:497,(anonymous_27)
FN:530,(anonymous_28)
FN:536,(anonymous_29)
FN:567,(anonymous_30)
FN:572,(anonymous_31)
FN:603,(anonymous_32)
FN:609,(anonymous_33)
FN:640,(anonymous_34)
FN:646,(anonymous_35)
FN:676,(anonymous_36)
FN:680,(anonymous_37)
FN:712,(anonymous_38)
FN:718,(anonymous_39)
FN:751,(anonymous_40)
FN:755,(anonymous_41)
FNF:42
FNH:1
FNDA:1,(anonymous_0)
FNDA:0,Str
FNDA:0,(anonymous_2)
FNDA:0,(anonymous_3)
FNDA:0,(anonymous_4)
FNDA:0,(anonymous_5)
FNDA:0,(anonymous_6)
FNDA:0,(anonymous_7)
FNDA:0,(anonymous_8)
FNDA:0,(anonymous_9)
FNDA:0,(anonymous_10)
FNDA:0,(anonymous_11)
FNDA:0,(anonymous_12)
FNDA:0,(anonymous_13)
FNDA:0,(anonymous_14)
FNDA:0,(anonymous_15)
FNDA:0,(anonymous_16)
FNDA:0,(anonymous_17)
FNDA:0,(anonymous_18)
FNDA:0,(anonymous_19)
FNDA:0,(anonymous_20)
FNDA:0,(anonymous_21)
FNDA:0,(anonymous_22)
FNDA:0,(anonymous_23)
FNDA:0,(anonymous_24)
FNDA:0,(anonymous_25)
FNDA:0,(anonymous_26)
FNDA:0,(anonymous_27)
FNDA:0,(anonymous_28)
FNDA:0,(anonymous_29)
FNDA:0,(anonymous_30)
FNDA:0,(anonymous_31)
FNDA:0,(anonymous_32)
FNDA:0,(anonymous_33)
FNDA:0,(anonymous_34)
FNDA:0,(anonymous_35)
FNDA:0,(anonymous_36)
FNDA:0,(anonymous_37)
FNDA:0,(anonymous_38)
FNDA:0,(anonymous_39)
FNDA:0,(anonymous_40)
FNDA:0,(anonymous_41)
DA:2,1
DA:6,1
DA:8,0
DA:9,0
DA:24,1
DA:25,0
DA:26,0
DA:27,0
DA:28,0
DA:29,0
DA:30,0
DA:33,0
DA:36,0
DA:37,0
DA:38,0
DA:41,0
DA:42,0
DA:43,0
DA:59,1
DA:60,0
DA:61,0
DA:62,0
DA:63,0
DA:64,0
DA:65,0
DA:68,0
DA:71,0
DA:72,0
DA:73,0
DA:76,0
DA:77,0
DA:78,0
DA:94,1
DA:95,0
DA:96,0
DA:97,0
DA:98,0
DA:99,0
DA:100,0
DA:103,0
DA:104,0
DA:105,0
DA:106,0
DA:109,0
DA:110,0
DA:111,0
DA:114,0
DA:115,0
DA:116,0
DA:133,1
DA:134,0
DA:135,0
DA:136,0
DA:137,0
DA:138,0
DA:139,0
DA:140,0
DA:143,0
DA:146,0
DA:147,0
DA:148,0
DA:151,0
DA:152,0
DA:153,0
DA:171,1
DA:172,0
DA:173,0
DA:174,0
DA:175,0
DA:176,0
DA:177,0
DA:178,0
DA:179,0
DA:180,0
DA:181,0
DA:184,0
DA:189,0
DA:190,0
DA:191,0
DA:192,0
DA:195,0
DA:199,0
DA:200,0
DA:203,0
DA:208,0
DA:209,0
DA:210,0
DA:213,0
DA:214,0
DA:215,0
DA:232,1
DA:233,0
DA:234,0
DA:235,0
DA:236,0
DA:237,0
DA:238,0
DA:239,0
DA:242,0
DA:245,0
DA:246,0
DA:247,0
DA:250,0
DA:251,0
DA:252,0
DA:269,1
DA:270,0
DA:271,0
DA:272,0
DA:273,0
DA:274,0
DA:275,0
DA:276,0
DA:279,0
DA:282,0
DA:283,0
DA:284,0
DA:287,0
DA:288,0
DA:289,0
DA:306,1
DA:307,0
DA:308,0
DA:309,0
DA:310,0
DA:311,0
DA:312,0
DA:313,0
DA:316,0
DA:319,0
DA:320,0
DA:321,0
DA:324,0
DA:325,0
DA:326,0
DA:343,1
DA:344,0
DA:345,0
DA:346,0
DA:347,0
DA:348,0
DA:349,0
DA:350,0
DA:353,0
DA:356,0
DA:357,0
DA:358,0
DA:361,0
DA:362,0
DA:363,0
DA:380,1
DA:381,0
DA:382,0
DA:383,0
DA:384,0
DA:385,0
DA:386,0
DA:387,0
DA:390,0
DA:393,0
DA:394,0
DA:395,0
DA:398,0
DA:399,0
DA:400,0
DA:418,1
DA:419,0
DA:420,0
DA:421,0
DA:422,0
DA:423,0
DA:424,0
DA:425,0
DA:426,0
DA:429,0
DA:432,0
DA:433,0
DA:434,0
DA:437,0
DA:438,0
DA:439,0
DA:456,1
DA:457,0
DA:458,0
DA:459,0
DA:460,0
DA:461,0
DA:462,0
DA:463,0
DA:466,0
DA:469,0
DA:470,0
DA:471,0
DA:474,0
DA:475,0
DA:476,0
DA:492,1
DA:493,0
DA:494,0
DA:495,0
DA:496,0
DA:497,0
DA:498,0
DA:499,0
DA:502,0
DA:505,0
DA:506,0
DA:507,0
DA:510,0
DA:511,0
DA:512,0
DA:530,1
DA:531,0
DA:532,0
DA:533,0
DA:534,0
DA:535,0
DA:536,0
DA:537,0
DA:538,0
DA:541,0
DA:544,0
DA:545,0
DA:546,0
DA:549,0
DA:550,0
DA:551,0
DA:567,1
DA:568,0
DA:569,0
DA:570,0
DA:571,0
DA:572,0
DA:573,0
DA:574,0
DA:577,0
DA:580,0
DA:581,0
DA:582,0
DA:585,0
DA:586,0
DA:587,0
DA:603,1
DA:604,0
DA:605,0
DA:606,0
DA:607,0
DA:608,0
DA:609,0
DA:610,0
DA:611,0
DA:614,0
DA:617,0
DA:618,0
DA:619,0
DA:622,0
DA:623,0
DA:624,0
DA:640,1
DA:641,0
DA:642,0
DA:643,0
DA:644,0
DA:645,0
DA:646,0
DA:647,0
DA:648,0
DA:651,0
DA:654,0
DA:655,0
DA:656,0
DA:659,0
DA:660,0
DA:661,0
DA:676,1
DA:677,0
DA:678,0
DA:679,0
DA:680,0
DA:681,0
DA:682,0
DA:685,0
DA:688,0
DA:689,0
DA:690,0
DA:693,0
DA:694,0
DA:695,0
DA:712,1
DA:713,0
DA:714,0
DA:715,0
DA:716,0
DA:717,0
DA:718,0
DA:719,0
DA:720,0
DA:723,0
DA:724,0
DA:725,0
DA:726,0
DA:729,0
DA:730,0
DA:731,0
DA:734,0
DA:735,0
DA:736,0
DA:751,1
DA:752,0
DA:753,0
DA:754,0
DA:755,0
DA:756,0
DA:757,0
DA:760,0
DA:763,0
DA:764,0
DA:765,0
DA:768,0
DA:769,0
DA:770,0
DA:773,1
DA:775,1
LF:323
LH:24
BRDA:25,0,0,0
BRDA:25,0,1,0
BRDA:26,1,0,0
BRDA:26,1,1,0
BRDA:29,2,0,0
BRDA:29,2,1,0
BRDA:29,3,0,0
BRDA:29,3,1,0
BRDA:36,4,0,0
BRDA:36,4,1,0
BRDA:60,5,0,0
BRDA:60,5,1,0
BRDA:61,6,0,0
BRDA:61,6,1,0
BRDA:64,7,0,0
BRDA:64,7,1,0
BRDA:64,8,0,0
BRDA:64,8,1,0
BRDA:71,9,0,0
BRDA:71,9,1,0
BRDA:95,10,0,0
BRDA:95,10,1,0
BRDA:96,11,0,0
BRDA:96,11,1,0
BRDA:99,12,0,0
BRDA:99,12,1,0
BRDA:99,13,0,0
BRDA:99,13,1,0
BRDA:109,14,0,0
BRDA:109,14,1,0
BRDA:134,15,0,0
BRDA:134,15,1,0
BRDA:135,16,0,0
BRDA:135,16,1,0
BRDA:136,17,0,0
BRDA:136,17,1,0
BRDA:139,18,0,0
BRDA:139,18,1,0
BRDA:139,19,0,0
BRDA:139,19,1,0
BRDA:146,20,0,0
BRDA:146,20,1,0
BRDA:172,21,0,0
BRDA:172,21,1,0
BRDA:173,22,0,0
BRDA:173,22,1,0
BRDA:174,23,0,0
BRDA:174,23,1,0
BRDA:176,24,0,0
BRDA:176,24,1,0
BRDA:180,25,0,0
BRDA:180,25,1,0
BRDA:190,26,0,0
BRDA:190,26,1,0
BRDA:191,27,0,0
BRDA:191,27,1,0
BRDA:191,28,0,0
BRDA:191,28,1,0
BRDA:199,29,0,0
BRDA:199,29,1,0
BRDA:199,30,0,0
BRDA:199,30,1,0
BRDA:208,31,0,0
BRDA:208,31,1,0
BRDA:233,32,0,0
BRDA:233,32,1,0
BRDA:234,33,0,0
BRDA:234,33,1,0
BRDA:235,34,0,0
BRDA:235,34,1,0
BRDA:238,35,0,0
BRDA:238,35,1,0
BRDA:238,36,0,0
BRDA:238,36,1,0
BRDA:245,37,0,0
BRDA:245,37,1,0
BRDA:270,38,0,0
BRDA:270,38,1,0
BRDA:271,39,0,0
BRDA:271,39,1,0
BRDA:272,40,0,0
BRDA:272,40,1,0
BRDA:275,41,0,0
BRDA:275,41,1,0
BRDA:275,42,0,0
BRDA:275,42,1,0
BRDA:282,43,0,0
BRDA:282,43,1,0
BRDA:307,44,0,0
BRDA:307,44,1,0
BRDA:308,45,0,0
BRDA:308,45,1,0
BRDA:309,46,0,0
BRDA:309,46,1,0
BRDA:312,47,0,0
BRDA:312,47,1,0
BRDA:312,48,0,0
BRDA:312,48,1,0
BRDA:319,49,0,0
BRDA:319,49,1,0
BRDA:344,50,0,0
BRDA:344,50,1,0
BRDA:345,51,0,0
BRDA:345,51,1,0
BRDA:346,52,0,0
BRDA:346,52,1,0
BRDA:349,53,0,0
BRDA:349,53,1,0
BRDA:349,54,0,0
BRDA:349,54,1,0
BRDA:356,55,0,0
BRDA:356,55,1,0
BRDA:381,56,0,0
BRDA:381,56,1,0
BRDA:382,57,0,0
BRDA:382,57,1,0
BRDA:383,58,0,0
BRDA:383,58,1,0
BRDA:386,59,0,0
BRDA:386,59,1,0
BRDA:386,60,0,0
BRDA:386,60,1,0
BRDA:393,61,0,0
BRDA:393,61,1,0
BRDA:419,62,0,0
BRDA:419,62,1,0
BRDA:420,63,0,0
BRDA:420,63,1,0
BRDA:421,64,0,0
BRDA:421,64,1,0
BRDA:422,65,0,0
BRDA:422,65,1,0
BRDA:425,66,0,0
BRDA:425,66,1,0
BRDA:425,67,0,0
BRDA:425,67,1,0
BRDA:432,68,0,0
BRDA:432,68,1,0
BRDA:457,69,0,0
BRDA:457,69,1,0
BRDA:458,70,0,0
BRDA:458,70,1,0
BRDA:459,71,0,0
BRDA:459,71,1,0
BRDA:462,72,0,0
BRDA:462,72,1,0
BRDA:462,73,0,0
BRDA:462,73,1,0
BRDA:469,74,0,0
BRDA:469,74,1,0
BRDA:493,75,0,0
BRDA:493,75,1,0
BRDA:494,76,0,0
BRDA:494,76,1,0
BRDA:495,77,0,0
BRDA:495,77,1,0
BRDA:498,78,0,0
BRDA:498,78,1,0
BRDA:498,79,0,0
BRDA:498,79,1,0
BRDA:505,80,0,0
BRDA:505,80,1,0
BRDA:531,81,0,0
BRDA:531,81,1,0
BRDA:532,82,0,0
BRDA:532,82,1,0
BRDA:533,83,0,0
BRDA:533,83,1,0
BRDA:534,84,0,0
BRDA:534,84,1,0
BRDA:537,85,0,0
BRDA:537,85,1,0
BRDA:537,86,0,0
BRDA:537,86,1,0
BRDA:544,87,0,0
BRDA:544,87,1,0
BRDA:568,88,0,0
BRDA:568,88,1,0
BRDA:569,89,0,0
BRDA:569,89,1,0
BRDA:570,90,0,0
BRDA:570,90,1,0
BRDA:573,91,0,0
BRDA:573,91,1,0
BRDA:573,92,0,0
BRDA:573,92,1,0
BRDA:580,93,0,0
BRDA:580,93,1,0
BRDA:604,94,0,0
BRDA:604,94,1,0
BRDA:605,95,0,0
BRDA:605,95,1,0
BRDA:606,96,0,0
BRDA:606,96,1,0
BRDA:607,97,0,0
BRDA:607,97,1,0
BRDA:610,98,0,0
BRDA:610,98,1,0
BRDA:610,99,0,0
BRDA:610,99,1,0
BRDA:617,100,0,0
BRDA:617,100,1,0
BRDA:641,101,0,0
BRDA:641,101,1,0
BRDA:642,102,0,0
BRDA:642,102,1,0
BRDA:643,103,0,0
BRDA:643,103,1,0
BRDA:644,104,0,0
BRDA:644,104,1,0
BRDA:647,105,0,0
BRDA:647,105,1,0
BRDA:647,106,0,0
BRDA:647,106,1,0
BRDA:654,107,0,0
BRDA:654,107,1,0
BRDA:677,108,0,0
BRDA:677,108,1,0
BRDA:678,109,0,0
BRDA:678,109,1,0
BRDA:681,110,0,0
BRDA:681,110,1,0
BRDA:681,111,0,0
BRDA:681,111,1,0
BRDA:688,112,0,0
BRDA:688,112,1,0
BRDA:713,113,0,0
BRDA:713,113,1,0
BRDA:714,114,0,0
BRDA:714,114,1,0
BRDA:715,115,0,0
BRDA:715,115,1,0
BRDA:716,116,0,0
BRDA:716,116,1,0
BRDA:719,117,0,0
BRDA:719,117,1,0
BRDA:719,118,0,0
BRDA:719,118,1,0
BRDA:729,119,0,0
BRDA:729,119,1,0
BRDA:752,120,0,0
BRDA:752,120,1,0
BRDA:753,121,0,0
BRDA:753,121,1,0
BRDA:756,122,0,0
BRDA:756,122,1,0
BRDA:756,123,0,0
BRDA:756,123,1,0
BRDA:763,124,0,0
BRDA:763,124,1,0
BRF:250
BRH:0
end_of_record
TN:
SF:dist/io/index.js
FN:19,(anonymous_0)
FN:20,(anonymous_1)
FN:21,(anonymous_2)
FN:22,(anonymous_3)
FN:23,(anonymous_4)
FN:25,(anonymous_5)
FN:26,(anonymous_6)
FN:27,(anonymous_7)
FN:29,(anonymous_8)
FN:30,(anonymous_9)
FNF:10
FNH:0
FNDA:0,(anonymous_0)
FNDA:0,(anonymous_1)
FNDA:0,(anonymous_2)
FNDA:0,(anonymous_3)
FNDA:0,(anonymous_4)
FNDA:0,(anonymous_5)
FNDA:0,(anonymous_6)
FNDA:0,(anonymous_7)
FNDA:0,(anonymous_8)
FNDA:0,(anonymous_9)
DA:2,1
DA:3,1
DA:18,1
DA:19,1
DA:20,1
DA:21,1
DA:22,1
DA:23,1
DA:24,1
DA:25,1
DA:26,1
DA:27,1
DA:28,1
DA:29,1
DA:30,1
LF:15
LH:15
BRF:0
BRH:0
end_of_record
TN:
SF:dist/io/io.csv.js
FN:2,(anonymous_0)
FN:3,(anonymous_1)
FN:13,(anonymous_2)
FN:14,adopt
FN:14,(anonymous_4)
FN:15,(anonymous_5)
FN:16,fulfilled
FN:17,rejected
FN:18,step
FN:22,(anonymous_9)
FN:23,(anonymous_10)
FN:24,(anonymous_11)
FN:25,verb
FN:25,(anonymous_13)
FN:26,step
FN:49,(anonymous_15)
FN:101,(anonymous_16)
FN:101,(anonymous_17)
FN:102,(anonymous_18)
FN:104,(anonymous_19)
FN:109,(anonymous_20)
FN:112,(anonymous_21)
FN:118,(anonymous_22)
FN:120,(anonymous_23)
FN:145,(anonymous_24)
FN:145,(anonymous_25)
FN:147,(anonymous_26)
FN:149,(anonymous_27)
FN:154,(anonymous_28)
FN:158,(anonymous_29)
FN:165,(anonymous_30)
FN:167,(anonymous_31)
FN:170,(anonymous_32)
FN:201,(anonymous_33)
FN:244,(anonymous_34)
FN:249,(anonymous_35)
FN:255,(anonymous_36)
FN:272,(anonymous_37)
FN:281,(anonymous_38)
FN:297,(anonymous_39)
FN:300,(anonymous_40)
FN:327,(anonymous_41)
FN:331,(anonymous_42)
FN:351,(anonymous_43)
FNF:44
FNH:1
FNDA:0,(anonymous_0)
FNDA:0,(anonymous_1)
FNDA:0,(anonymous_2)
FNDA:0,adopt
FNDA:0,(anonymous_4)
FNDA:0,(anonymous_5)
FNDA:0,fulfilled
FNDA:0,rejected
FNDA:0,step
FNDA:0,(anonymous_9)
FNDA:0,(anonymous_10)
FNDA:0,(anonymous_11)
FNDA:0,verb
FNDA:0,(anonymous_13)
FNDA:0,step
FNDA:4,(anonymous_15)
FNDA:0,(anonymous_16)
FNDA:0,(anonymous_17)
FNDA:0,(anonymous_18)
FNDA:0,(anonymous_19)
FNDA:0,(anonymous_20)
FNDA:0,(anonymous_21)
FNDA:0,(anonymous_22)
FNDA:0,(anonymous_23)
FNDA:0,(anonymous_24)
FNDA:0,(anonymous_25)
FNDA:0,(anonymous_26)
FNDA:0,(anonymous_27)
FNDA:0,(anonymous_28)
FNDA:0,(anonymous_29)
FNDA:0,(anonymous_30)
FNDA:0,(anonymous_31)
FNDA:0,(anonymous_32)
FNDA:0,(anonymous_33)
FNDA:0,(anonymous_34)
FNDA:0,(anonymous_35)
FNDA:0,(anonymous_36)
FNDA:0,(anonymous_37)
FNDA:0,(anonymous_38)
FNDA:0,(anonymous_39)
FNDA:0,(anonymous_40)
FNDA:0,(anonymous_41)
FNDA:0,(anonymous_42)
FNDA:0,(anonymous_43)
DA:2,1
DA:3,0
DA:4,0
DA:5,0
DA:6,0
DA:7,0
DA:9,0
DA:11,0
DA:13,1
DA:14,0
DA:15,0
DA:16,0
DA:17,0
DA:18,0
DA:19,0
DA:22,1
DA:23,0
DA:24,0
DA:25,0
DA:27,0
DA:28,0
DA:29,0
DA:30,0
DA:31,0
DA:32,0
DA:33,0
DA:34,0
DA:35,0
DA:37,0
DA:38,0
DA:39,0
DA:40,0
DA:41,0
DA:42,0
DA:44,0
DA:45,0
DA:46,0
DA:49,1
DA:50,4
DA:52,1
DA:53,1
DA:68,1
DA:69,1
DA:70,1
DA:71,1
DA:72,1
DA:101,1
DA:102,0
DA:103,0
DA:104,0
DA:105,0
DA:106,0
DA:107,0
DA:108,0
DA:109,0
DA:110,0
DA:112,0
DA:113,0
DA:118,0
DA:119,0
DA:120,0
DA:121,0
DA:122,0
DA:126,0
DA:129,1
DA:145,1
DA:147,0
DA:148,0
DA:149,0
DA:150,0
DA:151,0
DA:152,0
DA:153,0
DA:154,0
DA:155,0
DA:156,0
DA:158,0
DA:159,0
DA:164,0
DA:165,0
DA:166,0
DA:167,0
DA:168,0
DA:169,0
DA:170,0
DA:173,0
DA:176,1
DA:201,1
DA:202,0
DA:203,0
DA:204,0
DA:205,0
DA:206,0
DA:207,0
DA:209,0
DA:212,0
DA:216,0
DA:217,0
DA:218,0
DA:219,0
DA:220,0
DA:222,0
DA:223,0
DA:224,0
DA:226,0
DA:229,0
DA:233,1
DA:244,1
DA:245,0
DA:246,0
DA:247,0
DA:248,0
DA:249,0
DA:250,0
DA:251,0
DA:252,0
DA:253,0
DA:254,0
DA:255,0
DA:256,0
DA:257,0
DA:258,0
DA:261,0
DA:263,0
DA:264,0
DA:266,0
DA:270,0
DA:272,0
DA:273,0
DA:274,0
DA:276,0
DA:279,0
DA:280,0
DA:281,0
DA:282,0
DA:283,0
DA:284,0
DA:287,0
DA:289,0
DA:290,0
DA:292,0
DA:296,0
DA:298,0
DA:299,0
DA:301,0
DA:303,0
DA:306,1
DA:327,1
DA:328,0
DA:329,0
DA:330,0
DA:331,0
DA:332,0
DA:333,0
DA:334,0
DA:335,0
DA:336,0
DA:339,0
DA:340,0
DA:343,0
DA:344,0
DA:345,0
DA:348,0
DA:351,0
DA:352,0
DA:354,0
DA:356,1
LF:167
LH:22
BRDA:2,0,0,1
BRDA:2,0,1,1
BRDA:2,0,2,1
BRDA:3,1,0,0
BRDA:3,1,1,0
BRDA:6,2,0,0
BRDA:6,2,1,0
BRDA:13,3,0,1
BRDA:13,3,1,1
BRDA:13,3,2,1
BRDA:14,4,0,0
BRDA:14,4,1,0
BRDA:15,5,0,0
BRDA:15,5,1,0
BRDA:18,6,0,0
BRDA:18,6,1,0
BRDA:19,7,0,0
BRDA:19,7,1,0
BRDA:22,8,0,1
BRDA:22,8,1,1
BRDA:22,8,2,1
BRDA:23,9,0,0
BRDA:23,9,1,0
BRDA:24,10,0,0
BRDA:24,10,1,0
BRDA:27,11,0,0
BRDA:27,11,1,0
BRDA:29,12,0,0
BRDA:29,12,1,0
BRDA:29,13,0,0
BRDA:29,13,1,0
BRDA:29,13,2,0
BRDA:29,14,0,0
BRDA:29,14,1,0
BRDA:29,15,0,0
BRDA:29,15,1,0
BRDA:29,16,0,0
BRDA:29,16,1,0
BRDA:29,17,0,0
BRDA:29,17,1,0
BRDA:30,18,0,0
BRDA:30,18,1,0
BRDA:32,19,0,0
BRDA:32,19,1,0
BRDA:32,19,2,0
BRDA:32,19,3,0
BRDA:32,19,4,0
BRDA:32,19,5,0
BRDA:37,20,0,0
BRDA:37,20,1,0
BRDA:37,21,0,0
BRDA:37,21,1,0
BRDA:37,21,2,0
BRDA:37,22,0,0
BRDA:37,22,1,0
BRDA:38,23,0,0
BRDA:38,23,1,0
BRDA:38,24,0,0
BRDA:38,24,1,0
BRDA:38,24,2,0
BRDA:38,24,3,0
BRDA:39,25,0,0
BRDA:39,25,1,0
BRDA:39,26,0,0
BRDA:39,26,1,0
BRDA:40,27,0,0
BRDA:40,27,1,0
BRDA:40,28,0,0
BRDA:40,28,1,0
BRDA:41,29,0,0
BRDA:41,29,1,0
BRDA:46,30,0,0
BRDA:46,30,1,0
BRDA:46,31,0,0
BRDA:46,31,1,0
BRDA:49,32,0,1
BRDA:49,32,1,1
BRDA:49,32,2,1
BRDA:50,33,0,0
BRDA:50,33,1,4
BRDA:50,34,0,4
BRDA:50,34,1,4
BRDA:103,35,0,0
BRDA:103,35,1,0
BRDA:103,36,0,0
BRDA:103,36,1,0
BRDA:148,37,0,0
BRDA:148,37,1,0
BRDA:148,38,0,0
BRDA:148,38,1,0
BRDA:203,39,0,0
BRDA:203,39,1,0
BRDA:205,40,0,0
BRDA:205,40,1,0
BRDA:206,41,0,0
BRDA:206,41,1,0
BRDA:217,42,0,0
BRDA:217,42,1,0
BRDA:222,43,0,0
BRDA:222,43,1,0
BRDA:223,44,0,0
BRDA:223,44,1,0
BRDA:250,45,0,0
BRDA:250,45,1,0
BRDA:250,46,0,0
BRDA:250,46,1,0
BRDA:256,47,0,0
BRDA:256,47,1,0
BRDA:257,48,0,0
BRDA:257,48,1,0
BRDA:282,49,0,0
BRDA:282,49,1,0
BRDA:283,50,0,0
BRDA:283,50,1,0
BRDA:284,51,0,0
BRDA:284,51,1,0
BRDA:332,52,0,0
BRDA:332,52,1,0
BRDA:333,53,0,0
BRDA:333,53,1,0
BRDA:343,54,0,0
BRDA:343,54,1,0
BRF:122
BRH:15
end_of_record
TN:
SF:dist/io/io.excel.js
FN:2,(anonymous_0)
FN:3,(anonymous_1)
FN:13,(anonymous_2)
FN:14,adopt
FN:14,(anonymous_4)
FN:15,(anonymous_5)
FN:16,fulfilled
FN:17,rejected
FN:18,step
FN:22,(anonymous_9)
FN:23,(anonymous_10)
FN:24,(anonymous_11)
FN:25,verb
FN:25,(anonymous_13)
FN:26,step
FN:49,(anonymous_15)
FN:58,(anonymous_16)
FN:108,(anonymous_17)
FN:110,(anonymous_18)
FN:112,(anonymous_19)
FN:115,(anonymous_20)
FN:116,(anonymous_21)
FN:120,(anonymous_22)
FN:128,(anonymous_23)
FN:134,(anonymous_24)
FN:163,(anonymous_25)
FN:172,(anonymous_26)
FNF:27
FNH:1
FNDA:0,(anonymous_0)
FNDA:0,(anonymous_1)
FNDA:0,(anonymous_2)
FNDA:0,adopt
FNDA:0,(anonymous_4)
FNDA:0,(anonymous_5)
FNDA:0,fulfilled
FNDA:0,rejected
FNDA:0,step
FNDA:0,(anonymous_9)
FNDA:0,(anonymous_10)
FNDA:0,(anonymous_11)
FNDA:0,verb
FNDA:0,(anonymous_13)
FNDA:0,step
FNDA:0,(anonymous_15)
FNDA:2,(anonymous_16)
FNDA:0,(anonymous_17)
FNDA:0,(anonymous_18)
FNDA:0,(anonymous_19)
FNDA:0,(anonymous_20)
FNDA:0,(anonymous_21)
FNDA:0,(anonymous_22)
FNDA:0,(anonymous_23)
FNDA:0,(anonymous_24)
FNDA:0,(anonymous_25)
FNDA:0,(anonymous_26)
DA:2,1
DA:3,0
DA:4,0
DA:5,0
DA:6,0
DA:7,0
DA:9,0
DA:11,0
DA:13,1
DA:14,0
DA:15,0
DA:16,0
DA:17,0
DA:18,0
DA:19,0
DA:22,1
DA:23,0
DA:24,0
DA:25,0
DA:27,0
DA:28,0
DA:29,0
DA:30,0
DA:31,0
DA:32,0
DA:33,0
DA:34,0
DA:35,0
DA:37,0
DA:38,0
DA:39,0
DA:40,0
DA:41,0
DA:42,0
DA:44,0
DA:45,0
DA:46,0
DA:49,1
DA:50,0
DA:51,0
DA:52,0
DA:53,0
DA:56,0
DA:58,1
DA:59,2
DA:61,1
DA:62,1
DA:77,1
DA:78,1
DA:79,1
DA:108,1
DA:109,0
DA:110,0
DA:112,0
DA:113,0
DA:114,0
DA:115,0
DA:116,0
DA:117,0
DA:118,0
DA:120,0
DA:121,0
DA:122,0
DA:123,0
DA:124,0
DA:125,0
DA:126,0
DA:129,0
DA:134,0
DA:135,0
DA:136,0
DA:137,0
DA:138,0
DA:139,0
DA:142,0
DA:146,1
DA:163,1
DA:164,0
DA:165,0
DA:166,0
DA:169,0
DA:170,0
DA:171,0
DA:172,0
DA:175,0
DA:176,0
DA:177,0
DA:179,0
DA:180,0
DA:181,0
DA:182,0
DA:184,1
LF:92
LH:15
BRDA:2,0,0,1
BRDA:2,0,1,1
BRDA:2,0,2,1
BRDA:3,1,0,0
BRDA:3,1,1,0
BRDA:6,2,0,0
BRDA:6,2,1,0
BRDA:13,3,0,1
BRDA:13,3,1,1
BRDA:13,3,2,1
BRDA:14,4,0,0
BRDA:14,4,1,0
BRDA:15,5,0,0
BRDA:15,5,1,0
BRDA:18,6,0,0
BRDA:18,6,1,0
BRDA:19,7,0,0
BRDA:19,7,1,0
BRDA:22,8,0,1
BRDA:22,8,1,1
BRDA:22,8,2,1
BRDA:23,9,0,0
BRDA:23,9,1,0
BRDA:24,10,0,0
BRDA:24,10,1,0
BRDA:27,11,0,0
BRDA:27,11,1,0
BRDA:29,12,0,0
BRDA:29,12,1,0
BRDA:29,13,0,0
BRDA:29,13,1,0
BRDA:29,13,2,0
BRDA:29,14,0,0
BRDA:29,14,1,0
BRDA:29,15,0,0
BRDA:29,15,1,0
BRDA:29,16,0,0
BRDA:29,16,1,0
BRDA:29,17,0,0
BRDA:29,17,1,0
BRDA:30,18,0,0
BRDA:30,18,1,0
BRDA:32,19,0,0
BRDA:32,19,1,0
BRDA:32,19,2,0
BRDA:32,19,3,0
BRDA:32,19,4,0
BRDA:32,19,5,0
BRDA:37,20,0,0
BRDA:37,20,1,0
BRDA:37,21,0,0
BRDA:37,21,1,0
BRDA:37,21,2,0
BRDA:37,22,0,0
BRDA:37,22,1,0
BRDA:38,23,0,0
BRDA:38,23,1,0
BRDA:38,24,0,0
BRDA:38,24,1,0
BRDA:38,24,2,0
BRDA:38,24,3,0
BRDA:39,25,0,0
BRDA:39,25,1,0
BRDA:39,26,0,0
BRDA:39,26,1,0
BRDA:40,27,0,0
BRDA:40,27,1,0
BRDA:40,28,0,0
BRDA:40,28,1,0
BRDA:41,29,0,0
BRDA:41,29,1,0
BRDA:46,30,0,0
BRDA:46,30,1,0
BRDA:46,31,0,0
BRDA:46,31,1,0
BRDA:49,32,0,1
BRDA:49,32,1,1
BRDA:49,32,2,1
BRDA:50,33,0,0
BRDA:50,33,1,0
BRDA:50,34,0,0
BRDA:50,34,1,0
BRDA:51,35,0,0
BRDA:51,35,1,0
BRDA:51,36,0,0
BRDA:51,36,1,0
BRDA:52,37,0,0
BRDA:52,37,1,0
BRDA:56,38,0,0
BRDA:56,38,1,0
BRDA:58,39,0,1
BRDA:58,39,1,1
BRDA:58,39,2,1
BRDA:59,40,0,1
BRDA:59,40,1,1
BRDA:59,41,0,2
BRDA:59,41,1,2
BRDA:109,42,0,0
BRDA:109,42,1,0
BRDA:114,43,0,0
BRDA:114,43,1,0
BRDA:114,44,0,0
BRDA:114,44,1,0
BRDA:117,45,0,0
BRDA:117,45,1,0
BRDA:165,46,0,0
BRDA:165,46,1,0
BRDA:169,47,0,0
BRDA:169,47,1,0
BRF:109
BRH:19
end_of_record
TN:
SF:dist/io/io.json.js
FN:2,(anonymous_0)
FN:3,(anonymous_1)
FN:13,(anonymous_2)
FN:14,adopt
FN:14,(anonymous_4)
FN:15,(anonymous_5)
FN:16,fulfilled
FN:17,rejected
FN:18,step
FN:22,(anonymous_9)
FN:23,(anonymous_10)
FN:24,(anonymous_11)
FN:25,verb
FN:25,(anonymous_13)
FN:26,step
FN:49,(anonymous_15)
FN:87,(anonymous_16)
FN:89,(anonymous_17)
FN:91,(anonymous_18)
FN:94,(anonymous_19)
FN:95,(anonymous_20)
FN:99,(anonymous_21)
FN:102,(anonymous_22)
FN:108,(anonymous_23)
FN:134,(anonymous_24)
FN:134,(anonymous_25)
FN:136,(anonymous_26)
FN:139,(anonymous_27)
FN:143,(anonymous_28)
FN:148,(anonymous_29)
FN:152,(anonymous_30)
FN:156,(anonymous_31)
FN:161,(anonymous_32)
FN:200,(anonymous_33)
FN:235,(anonymous_34)
FN:237,(anonymous_35)
FNF:36
FNH:1
FNDA:0,(anonymous_0)
FNDA:0,(anonymous_1)
FNDA:0,(anonymous_2)
FNDA:0,adopt
FNDA:0,(anonymous_4)
FNDA:0,(anonymous_5)
FNDA:0,fulfilled
FNDA:0,rejected
FNDA:0,step
FNDA:0,(anonymous_9)
FNDA:0,(anonymous_10)
FNDA:0,(anonymous_11)
FNDA:0,verb
FNDA:0,(anonymous_13)
FNDA:0,step
FNDA:3,(anonymous_15)
FNDA:0,(anonymous_16)
FNDA:0,(anonymous_17)
FNDA:0,(anonymous_18)
FNDA:0,(anonymous_19)
FNDA:0,(anonymous_20)
FNDA:0,(anonymous_21)
FNDA:0,(anonymous_22)
FNDA:0,(anonymous_23)
FNDA:0,(anonymous_24)
FNDA:0,(anonymous_25)
FNDA:0,(anonymous_26)
FNDA:0,(anonymous_27)
FNDA:0,(anonymous_28)
FNDA:0,(anonymous_29)
FNDA:0,(anonymous_30)
FNDA:0,(anonymous_31)
FNDA:0,(anonymous_32)
FNDA:0,(anonymous_33)
FNDA:0,(anonymous_34)
FNDA:0,(anonymous_35)
DA:2,1
DA:3,0
DA:4,0
DA:5,0
DA:6,0
DA:7,0
DA:9,0
DA:11,0
DA:13,1
DA:14,0
DA:15,0
DA:16,0
DA:17,0
DA:18,0
DA:19,0
DA:22,1
DA:23,0
DA:24,0
DA:25,0
DA:27,0
DA:28,0
DA:29,0
DA:30,0
DA:31,0
DA:32,0
DA:33,0
DA:34,0
DA:35,0
DA:37,0
DA:38,0
DA:39,0
DA:40,0
DA:41,0
DA:42,0
DA:44,0
DA:45,0
DA:46,0
DA:49,1
DA:50,3
DA:52,1
DA:53,1
DA:54,1
DA:55,1
DA:56,1
DA:57,1
DA:58,1
DA:59,1
DA:87,1
DA:88,0
DA:89,0
DA:91,0
DA:92,0
DA:93,0
DA:94,0
DA:95,0
DA:96,0
DA:97,0
DA:99,0
DA:100,0
DA:103,0
DA:108,0
DA:109,0
DA:110,0
DA:111,0
DA:114,0
DA:118,1
DA:134,1
DA:136,0
DA:137,0
DA:138,0
DA:139,0
DA:140,0
DA:141,0
DA:142,0
DA:143,0
DA:144,0
DA:145,0
DA:146,0
DA:148,0
DA:152,0
DA:153,0
DA:154,0
DA:155,0
DA:156,0
DA:157,0
DA:158,0
DA:159,0
DA:161,0
DA:164,0
DA:167,1
DA:200,1
DA:201,0
DA:202,0
DA:203,0
DA:204,0
DA:205,0
DA:206,0
DA:207,0
DA:209,0
DA:212,0
DA:216,0
DA:217,0
DA:218,0
DA:219,0
DA:220,0
DA:221,0
DA:222,0
DA:224,0
DA:225,0
DA:226,0
DA:228,0
DA:231,0
DA:235,0
DA:236,0
DA:237,0
DA:238,0
DA:240,0
DA:242,0
DA:243,0
DA:244,0
DA:246,0
DA:249,0
DA:254,1
LF:123
LH:19
BRDA:2,0,0,1
BRDA:2,0,1,1
BRDA:2,0,2,1
BRDA:3,1,0,0
BRDA:3,1,1,0
BRDA:6,2,0,0
BRDA:6,2,1,0
BRDA:13,3,0,1
BRDA:13,3,1,1
BRDA:13,3,2,1
BRDA:14,4,0,0
BRDA:14,4,1,0
BRDA:15,5,0,0
BRDA:15,5,1,0
BRDA:18,6,0,0
BRDA:18,6,1,0
BRDA:19,7,0,0
BRDA:19,7,1,0
BRDA:22,8,0,1
BRDA:22,8,1,1
BRDA:22,8,2,1
BRDA:23,9,0,0
BRDA:23,9,1,0
BRDA:24,10,0,0
BRDA:24,10,1,0
BRDA:27,11,0,0
BRDA:27,11,1,0
BRDA:29,12,0,0
BRDA:29,12,1,0
BRDA:29,13,0,0
BRDA:29,13,1,0
BRDA:29,13,2,0
BRDA:29,14,0,0
BRDA:29,14,1,0
BRDA:29,15,0,0
BRDA:29,15,1,0
BRDA:29,16,0,0
BRDA:29,16,1,0
BRDA:29,17,0,0
BRDA:29,17,1,0
BRDA:30,18,0,0
BRDA:30,18,1,0
BRDA:32,19,0,0
BRDA:32,19,1,0
BRDA:32,19,2,0
BRDA:32,19,3,0
BRDA:32,19,4,0
BRDA:32,19,5,0
BRDA:37,20,0,0
BRDA:37,20,1,0
BRDA:37,21,0,0
BRDA:37,21,1,0
BRDA:37,21,2,0
BRDA:37,22,0,0
BRDA:37,22,1,0
BRDA:38,23,0,0
BRDA:38,23,1,0
BRDA:38,24,0,0
BRDA:38,24,1,0
BRDA:38,24,2,0
BRDA:38,24,3,0
BRDA:39,25,0,0
BRDA:39,25,1,0
BRDA:39,26,0,0
BRDA:39,26,1,0
BRDA:40,27,0,0
BRDA:40,27,1,0
BRDA:40,28,0,0
BRDA:40,28,1,0
BRDA:41,29,0,0
BRDA:41,29,1,0
BRDA:46,30,0,0
BRDA:46,30,1,0
BRDA:46,31,0,0
BRDA:46,31,1,0
BRDA:49,32,0,1
BRDA:49,32,1,1
BRDA:49,32,2,1
BRDA:50,33,0,1
BRDA:50,33,1,2
BRDA:50,34,0,3
BRDA:50,34,1,3
BRDA:88,35,0,0
BRDA:88,35,1,0
BRDA:93,36,0,0
BRDA:93,36,1,0
BRDA:93,37,0,0
BRDA:93,37,1,0
BRDA:96,38,0,0
BRDA:96,38,1,0
BRDA:138,39,0,0
BRDA:138,39,1,0
BRDA:138,40,0,0
BRDA:138,40,1,0
BRDA:202,41,0,0
BRDA:202,41,1,0
BRDA:205,42,0,0
BRDA:205,42,1,0
BRDA:206,43,0,0
BRDA:206,43,1,0
BRDA:219,44,0,0
BRDA:219,44,1,0
BRDA:224,45,0,0
BRDA:224,45,1,0
BRDA:225,46,0,0
BRDA:225,46,1,0
BRDA:242,47,0,0
BRDA:242,47,1,0
BRDA:243,48,0,0
BRDA:243,48,1,0
BRF:110
BRH:16
end_of_record
TN:
SF:dist/shared/config.js
FN:2,(anonymous_0)
FN:3,(anonymous_1)
FN:17,(anonymous_2)
FN:18,Configs
FN:26,(anonymous_4)
FN:30,(anonymous_5)
FN:36,(anonymous_6)
FN:40,(anonymous_7)
FN:46,(anonymous_8)
FN:50,(anonymous_9)
FN:57,(anonymous_10)
FN:63,(anonymous_11)
FN:67,(anonymous_12)
FN:73,(anonymous_13)
FNF:14
FNH:8
FNDA:1,(anonymous_0)
FNDA:0,(anonymous_1)
FNDA:1,(anonymous_2)
FNDA:4,Configs
FNDA:0,(anonymous_4)
FNDA:1,(anonymous_5)
FNDA:0,(anonymous_6)
FNDA:1,(anonymous_7)
FNDA:0,(anonymous_8)
FNDA:1,(anonymous_9)
FNDA:17,(anonymous_10)
FNDA:0,(anonymous_11)
FNDA:3,(anonymous_12)
FNDA:0,(anonymous_13)
DA:2,1
DA:3,1
DA:4,0
DA:5,0
DA:6,0
DA:7,0
DA:9,0
DA:11,1
DA:13,1
DA:17,1
DA:19,4
DA:20,4
DA:21,4
DA:22,4
DA:23,4
DA:24,4
DA:26,1
DA:27,0
DA:29,1
DA:31,1
DA:36,1
DA:37,0
DA:39,1
DA:41,1
DA:46,1
DA:47,0
DA:49,1
DA:51,1
DA:56,1
DA:58,17
DA:63,1
DA:64,0
DA:66,1
DA:68,3
DA:73,1
DA:74,0
DA:76,1
DA:78,1
LF:38
LH:28
BRDA:2,0,0,1
BRDA:2,0,1,1
BRDA:2,0,2,1
BRDA:3,1,0,1
BRDA:3,1,1,0
BRDA:6,2,0,0
BRDA:6,2,1,0
BRF:7
BRH:4
end_of_record
TN:
SF:dist/shared/defaults.js
FNF:0
FNH:0
DA:16,1
DA:17,1
DA:21,1
DA:27,1
LF:4
LH:4
BRF:0
BRH:0
end_of_record
TN:
SF:dist/shared/errors.js
FN:7,(anonymous_0)
FN:8,ErrorThrower
FN:9,(anonymous_2)
FN:13,(anonymous_3)
FN:17,(anonymous_4)
FN:21,(anonymous_5)
FN:25,(anonymous_6)
FN:29,(anonymous_7)
FN:33,(anonymous_8)
FN:37,(anonymous_9)
FN:41,(anonymous_10)
FN:45,(anonymous_11)
FN:49,(anonymous_12)
FN:53,(anonymous_13)
[...]
FNDA:0,(anonymous_50)
FNDA:0,(anonymous_51)
FNDA:0,(anonymous_52)
FNDA:0,(anonymous_53)
FNDA:0,(anonymous_54)
FNDA:0,(anonymous_55)
FNDA:0,(anonymous_56)
FNDA:0,(anonymous_57)
FNDA:0,(anonymous_58)
FNDA:0,(anonymous_59)
FNDA:0,(anonymous_60)
FNDA:0,(anonymous_61)
FNDA:0,(anonymous_62)
FNDA:0,(anonymous_63)
FNDA:0,(anonymous_64)
FNDA:0,(anonymous_65)
DA:16,1
DA:17,0
DA:18,0
DA:19,0
DA:20,0
DA:21,0
DA:23,0
DA:25,0
DA:27,1
DA:28,0
DA:29,0
DA:30,0
DA:31,0
DA:34,0
DA:36,1
DA:37,2
DA:39,1
DA:40,1
DA:41,1
DA:42,1
DA:43,1
DA:44,1
DA:45,1
DA:49,1
DA:61,1
DA:62,0
DA:63,0
DA:70,1
DA:71,0
DA:78,1
DA:79,0
DA:86,1
DA:87,4
DA:94,1
DA:95,0
DA:102,1
DA:103,0
DA:110,1
DA:111,68
DA:118,1
DA:119,3
DA:120,0
DA:122,3
DA:123,0
DA:125,3
DA:126,3
DA:127,14
DA:129,3
DA:136,1
DA:137,22
DA:144,1
DA:145,8
DA:146,0
DA:147,8
DA:148,8
DA:149,8
DA:150,8
DA:151,8
DA:152,36
DA:153,36
DA:154,168
DA:155,168
DA:157,36
DA:159,8
DA:162,0
DA:169,1
DA:170,2
DA:171,2
DA:172,2
DA:173,2
DA:174,8
DA:175,0
DA:178,2
DA:179,2
DA:185,1
DA:186,0
DA:187,0
DA:188,0
DA:189,0
DA:192,0
DA:195,0
DA:202,1
DA:203,0
DA:204,0
DA:205,0
DA:206,0
DA:207,0
DA:208,0
DA:210,0
DA:211,0
DA:213,0
DA:214,0
DA:216,0
DA:218,0
DA:221,0
DA:222,0
DA:223,0
DA:224,0
DA:225,0
DA:226,0
DA:227,0
DA:229,0
DA:230,0
DA:232,0
DA:233,0
DA:235,0
DA:237,0
DA:240,0
DA:247,1
DA:248,3
DA:249,3
DA:250,0
DA:253,3
DA:254,3
DA:255,14
DA:257,3
DA:264,1
DA:267,14
DA:268,14
DA:269,14
DA:270,14
DA:271,14
DA:272,14
DA:275,0
DA:277,14
DA:278,14
DA:279,68
DA:280,68
DA:281,0
DA:282,0
DA:283,0
DA:284,0
DA:286,68
DA:287,8
DA:288,8
DA:289,8
DA:290,8
DA:292,60
DA:293,32
DA:294,0
DA:295,0
DA:296,0
DA:297,0
DA:300,32
DA:301,32
DA:302,32
DA:303,32
DA:307,28
DA:308,28
DA:309,28
DA:310,28
DA:313,80
DA:314,14
DA:315,6
DA:317,8
DA:318,4
DA:320,4
DA:321,4
DA:323,0
DA:324,0
DA:327,0
DA:329,14
DA:335,1
DA:336,0
DA:337,0
DA:343,1
DA:344,6
DA:347,0
DA:350,6
DA:357,1
DA:358,0
DA:359,0
DA:360,0
DA:362,0
DA:370,1
DA:371,0
DA:372,0
DA:373,0
DA:374,0
DA:375,0
DA:376,0
DA:377,0
DA:378,0
DA:381,0
DA:384,0
DA:385,0
DA:388,0
DA:392,0
DA:393,0
DA:394,0
DA:395,0
DA:396,0
DA:397,0
DA:398,0
DA:399,0
DA:400,0
DA:403,0
DA:406,0
DA:407,0
DA:410,0
DA:413,0
DA:422,1
DA:423,0
DA:424,0
DA:425,0
DA:427,0
DA:428,0
DA:429,0
DA:430,0
DA:431,0
DA:432,0
DA:435,0
DA:438,0
DA:441,0
DA:442,0
DA:443,0
DA:444,0
DA:445,0
DA:446,0
DA:447,0
DA:448,0
DA:449,0
DA:452,0
DA:455,0
DA:458,0
DA:459,0
DA:462,0
DA:466,0
DA:473,1
DA:474,0
DA:482,1
DA:483,0
DA:485,0
DA:488,0
DA:489,0
DA:491,0
DA:492,0
DA:494,0
DA:495,0
DA:496,0
DA:497,0
DA:499,0
DA:506,1
DA:507,0
DA:508,0
DA:509,0
DA:510,0
DA:511,0
DA:514,0
DA:517,0
DA:518,0
DA:519,0
DA:527,1
DA:528,0
DA:529,0
DA:530,0
DA:531,0
DA:532,0
DA:533,0
DA:535,0
DA:538,0
DA:539,0
DA:540,0
DA:548,1
DA:549,0
DA:550,0
DA:551,0
DA:552,0
DA:553,0
DA:554,0
DA:556,0
DA:559,0
DA:560,0
DA:561,0
DA:569,1
DA:570,0
DA:571,0
DA:572,0
DA:573,0
DA:574,0
DA:576,0
DA:578,0
DA:585,1
DA:586,0
DA:587,0
DA:589,0
DA:590,0
DA:591,0
DA:592,0
DA:593,0
DA:595,0
DA:603,1
DA:604,0
DA:605,0
DA:606,0
DA:607,0
DA:608,0
DA:609,0
DA:612,0
DA:616,0
DA:617,0
DA:620,0
DA:628,1
DA:629,0
DA:630,0
DA:635,1
DA:636,0
DA:637,0
DA:643,1
DA:644,0
DA:645,0
DA:646,0
DA:648,0
DA:654,1
DA:655,0
DA:656,0
DA:657,0
DA:660,0
DA:663,0
DA:669,1
DA:670,0
DA:671,0
DA:672,0
DA:673,0
DA:674,0
DA:675,0
DA:676,0
DA:679,0
DA:680,0
DA:681,0
DA:684,0
DA:685,0
DA:686,0
DA:687,0
DA:688,0
DA:691,0
DA:701,1
DA:702,0
DA:703,0
DA:705,0
DA:706,0
DA:709,0
DA:710,0
DA:711,0
DA:712,0
DA:715,0
DA:716,0
DA:717,0
DA:725,1
DA:726,0
DA:727,0
DA:728,0
DA:736,0
DA:754,1
DA:755,0
DA:756,0
DA:757,0
DA:759,0
DA:760,0
DA:768,1
DA:769,0
DA:770,0
DA:771,0
DA:772,0
DA:773,0
DA:774,0
DA:776,0
DA:777,0
DA:780,0
DA:784,0
DA:785,0
DA:787,0
DA:788,0
DA:791,0
DA:796,1
DA:798,1
LF:376
LH:120
BRDA:16,0,0,1
BRDA:16,0,1,1
BRDA:16,0,2,1
BRDA:17,1,0,0
BRDA:17,1,1,0
BRDA:20,2,0,0
BRDA:20,2,1,0
BRDA:27,3,0,1
BRDA:27,3,1,1
BRDA:27,3,2,1
BRDA:28,4,0,0
BRDA:28,4,1,0
BRDA:28,5,0,0
BRDA:28,5,1,0
BRDA:29,6,0,0
BRDA:29,6,1,0
BRDA:29,7,0,0
BRDA:29,7,1,0
BRDA:30,8,0,0
BRDA:30,8,1,0
BRDA:34,9,0,0
BRDA:34,9,1,0
BRDA:36,10,0,1
BRDA:36,10,1,1
BRDA:36,10,2,1
BRDA:37,11,0,2
BRDA:37,11,1,0
BRDA:37,12,0,2
BRDA:37,12,1,2
BRDA:79,13,0,0
BRDA:79,13,1,0
BRDA:87,14,0,4
BRDA:87,14,1,4
BRDA:87,14,2,4
BRDA:111,15,0,68
BRDA:111,15,1,68
BRDA:111,15,2,68
BRDA:111,15,3,36
BRDA:119,16,0,0
BRDA:119,16,1,3
BRDA:122,17,0,0
BRDA:122,17,1,3
BRDA:145,18,0,0
BRDA:145,18,1,8
BRDA:148,19,0,8
BRDA:148,19,1,0
BRDA:174,20,0,0
BRDA:174,20,1,8
BRDA:188,21,0,0
BRDA:188,21,1,0
BRDA:203,22,0,0
BRDA:203,22,1,0
BRDA:205,23,0,0
BRDA:205,23,1,0
BRDA:205,24,0,0
BRDA:205,24,1,0
BRDA:207,25,0,0
BRDA:207,25,1,0
BRDA:210,26,0,0
BRDA:210,26,1,0
BRDA:210,27,0,0
BRDA:210,27,1,0
BRDA:210,27,2,0
BRDA:213,28,0,0
BRDA:213,28,1,0
BRDA:222,29,0,0
BRDA:222,29,1,0
BRDA:226,30,0,0
BRDA:226,30,1,0
BRDA:229,31,0,0
BRDA:229,31,1,0
BRDA:229,32,0,0
BRDA:229,32,1,0
BRDA:229,32,2,0
BRDA:232,33,0,0
BRDA:232,33,1,0
BRDA:249,34,0,0
BRDA:249,34,1,3
BRDA:271,35,0,14
BRDA:271,35,1,0
BRDA:280,36,0,0
BRDA:280,36,1,68
BRDA:286,37,0,8
BRDA:286,37,1,60
BRDA:292,38,0,32
BRDA:292,38,1,28
BRDA:293,39,0,0
BRDA:293,39,1,32
BRDA:314,40,0,6
BRDA:314,40,1,8
BRDA:317,41,0,4
BRDA:317,41,1,4
BRDA:320,42,0,4
BRDA:320,42,1,0
BRDA:323,43,0,0
BRDA:323,43,1,0
BRDA:344,44,0,0
BRDA:344,44,1,6
BRDA:344,45,0,6
BRDA:344,45,1,6
BRDA:344,45,2,6
BRDA:371,46,0,0
BRDA:371,46,1,0
BRDA:372,47,0,0
BRDA:372,47,1,0
BRDA:377,48,0,0
BRDA:377,48,1,0
BRDA:384,49,0,0
BRDA:384,49,1,0
BRDA:399,50,0,0
BRDA:399,50,1,0
BRDA:406,51,0,0
BRDA:406,51,1,0
BRDA:423,52,0,0
BRDA:423,52,1,0
BRDA:424,53,0,0
BRDA:424,53,1,0
BRDA:427,54,0,0
BRDA:427,54,1,0
BRDA:431,55,0,0
BRDA:431,55,1,0
BRDA:431,56,0,0
BRDA:431,56,1,0
BRDA:431,56,2,0
BRDA:431,56,3,0
BRDA:445,57,0,0
BRDA:445,57,1,0
BRDA:448,58,0,0
BRDA:448,58,1,0
BRDA:448,59,0,0
BRDA:448,59,1,0
BRDA:448,59,2,0
BRDA:448,59,3,0
BRDA:458,60,0,0
BRDA:458,60,1,0
BRDA:458,61,0,0
BRDA:458,61,1,0
BRDA:458,61,2,0
BRDA:458,61,3,0
BRDA:488,62,0,0
BRDA:488,62,1,0
BRDA:510,63,0,0
BRDA:510,63,1,0
BRDA:518,64,0,0
BRDA:518,64,1,0
BRDA:528,65,0,0
BRDA:528,65,1,0
BRDA:549,66,0,0
BRDA:549,66,1,0
BRDA:553,67,0,0
BRDA:553,67,1,0
BRDA:560,68,0,0
BRDA:560,68,1,0
BRDA:604,69,0,0
BRDA:604,69,1,0
BRDA:607,70,0,0
BRDA:607,70,1,0
BRDA:608,71,0,0
BRDA:608,71,1,0
BRDA:608,72,0,0
BRDA:608,72,1,0
BRDA:616,73,0,0
BRDA:616,73,1,0
BRDA:616,74,0,0
BRDA:616,74,1,0
BRDA:656,75,0,0
BRDA:656,75,1,0
BRDA:674,76,0,0
BRDA:674,76,1,0
BRDA:685,77,0,0
BRDA:685,77,1,0
BRDA:705,78,0,0
BRDA:705,78,1,0
BRDA:727,79,0,0
BRDA:727,79,1,0
BRDA:756,80,0,0
BRDA:756,80,1,0
BRDA:759,81,0,0
BRDA:759,81,1,0
BRDA:759,82,0,0
BRDA:759,82,1,0
BRDA:772,83,0,0
BRDA:772,83,1,0
BRDA:773,84,0,0
BRDA:773,84,1,0
BRDA:773,85,0,0
BRDA:773,85,1,0
BRDA:776,86,0,0
BRDA:776,86,1,0
BRDA:776,87,0,0
BRDA:776,87,1,0
BRDA:776,87,2,0
BRDA:776,87,3,0
BRDA:784,88,0,0
BRDA:784,88,1,0
BRDA:784,89,0,0
BRDA:784,89,1,0
BRDA:787,90,0,0
BRDA:787,90,1,0
BRDA:787,91,0,0
BRDA:787,91,1,0
BRDA:787,91,2,0
BRDA:787,91,3,0
BRF:203
BRH:41
end_of_record
TN:
SF:dist/transformers/concat.js
FN:16,(anonymous_0)
FN:22,processColumn
FN:53,(anonymous_2)
FN:64,processRow
FN:67,(anonymous_4)
FN:86,(anonymous_5)
FN:127,concat
FNF:7
FNH:1
FNDA:2,(anonymous_0)
FNDA:0,processColumn
FNDA:0,(anonymous_2)
FNDA:0,processRow
FNDA:0,(anonymous_4)
FNDA:0,(anonymous_5)
FNDA:0,concat
DA:16,1
DA:17,2
DA:19,1
DA:20,1
DA:21,1
DA:23,0
DA:24,0
DA:25,0
DA:26,0
DA:27,0
DA:28,0
DA:29,0
DA:30,0
DA:33,0
DA:35,0
DA:36,0
DA:37,0
DA:38,0
DA:39,0
DA:40,0
DA:42,0
DA:43,0
DA:44,0
DA:47,0
DA:48,0
DA:49,0
DA:53,0
DA:55,0
DA:56,0
DA:57,0
DA:58,0
DA:59,0
DA:62,0
DA:65,0
DA:66,0
DA:67,0
DA:69,0
DA:70,0
DA:71,0
DA:72,0
DA:73,0
DA:76,0
DA:78,0
DA:79,0
DA:80,0
DA:81,0
DA:82,0
DA:86,0
DA:87,0
DA:89,0
DA:90,0
DA:91,0
DA:92,0
DA:93,0
DA:96,0
DA:97,0
DA:98,0
DA:101,0
DA:102,0
DA:103,0
DA:104,0
DA:105,0
DA:106,0
DA:110,0
DA:112,0
DA:113,0
DA:115,0
DA:116,0
DA:118,0
DA:128,0
DA:129,0
DA:130,0
DA:132,0
DA:134,1
LF:74
LH:6
BRDA:16,0,0,1
BRDA:16,0,1,1
BRDA:16,0,2,1
BRDA:17,1,0,2
BRDA:17,1,1,0
BRDA:17,2,0,2
BRDA:17,2,1,2
BRDA:29,3,0,0
BRDA:29,3,1,0
BRDA:39,4,0,0
BRDA:39,4,1,0
BRDA:42,5,0,0
BRDA:42,5,1,0
BRDA:56,6,0,0
BRDA:56,6,1,0
BRDA:72,7,0,0
BRDA:72,7,1,0
BRDA:78,8,0,0
BRDA:78,8,1,0
BRDA:92,9,0,0
BRDA:92,9,1,0
BRDA:101,10,0,0
BRDA:101,10,1,0
BRDA:115,11,0,0
BRDA:115,11,1,0
BRDA:129,12,0,0
BRDA:129,12,1,0
BRF:27
BRH:6
end_of_record
TN:
SF:dist/transformers/merge.js
FN:16,(anonymous_0)
FN:25,(anonymous_1)
FN:32,(anonymous_2)
FN:33,Merge
FN:81,(anonymous_4)
FN:91,(anonymous_5)
FN:126,(anonymous_6)
FN:128,(anonymous_7)
FN:131,(anonymous_8)
FN:222,(anonymous_9)
FN:273,(anonymous_10)
FN:287,(anonymous_11)
FN:290,(anonymous_12)
FN:299,(anonymous_13)
FN:309,(anonymous_14)
FN:322,(anonymous_15)
FN:357,merge
FNF:17
FNH:13
FNDA:3,(anonymous_0)
FNDA:2,(anonymous_1)
FNDA:1,(anonymous_2)
FNDA:1,Merge
FNDA:2,(anonymous_4)
FNDA:32,(anonymous_5)
FNDA:1,(anonymous_6)
FNDA:4,(anonymous_7)
FNDA:4,(anonymous_8)
FNDA:1,(anonymous_9)
FNDA:1,(anonymous_10)
FNDA:0,(anonymous_11)
FNDA:0,(anonymous_12)
FNDA:0,(anonymous_13)
FNDA:0,(anonymous_14)
FNDA:1,(anonymous_15)
FNDA:1,merge
DA:16,1
DA:17,3
DA:18,10
DA:19,0
DA:20,0
DA:23,3
DA:25,1
DA:26,2
DA:28,1
DA:29,1
DA:30,1
DA:31,1
DA:32,1
DA:34,1
DA:35,1
DA:36,1
DA:37,1
DA:38,1
DA:39,1
DA:40,1
DA:43,1
DA:44,2
DA:45,2
DA:46,2
DA:47,2
DA:48,2
DA:49,2
DA:81,1
DA:82,2
DA:83,2
DA:84,8
DA:85,8
DA:86,8
DA:87,16
DA:88,16
DA:90,8
DA:91,8
DA:92,32
DA:94,8
DA:95,0
DA:98,8
DA:104,2
DA:126,1
DA:127,1
DA:128,1
DA:129,4
DA:131,1
DA:132,4
DA:134,1
DA:135,1
DA:136,1
DA:137,1
DA:138,1
DA:139,4
DA:140,4
DA:141,1
DA:142,1
DA:143,1
DA:146,3
DA:147,3
DA:222,1
DA:224,1
DA:225,1
DA:226,6
DA:227,6
DA:228,4
DA:229,4
DA:230,4
DA:231,4
DA:232,4
DA:233,2
DA:234,2
DA:235,2
DA:236,2
DA:237,2
DA:238,2
DA:239,2
DA:243,2
DA:244,2
DA:245,2
DA:246,2
DA:247,2
DA:252,2
DA:253,2
DA:254,2
DA:255,2
DA:256,2
DA:257,2
DA:258,2
DA:259,2
DA:260,2
DA:264,1
DA:273,1
DA:274,1
DA:275,1
DA:276,1
DA:277,1
DA:278,1
DA:287,1
DA:288,0
DA:289,0
DA:290,0
DA:291,0
DA:292,0
DA:299,1
DA:300,0
DA:301,0
DA:302,0
DA:309,1
DA:310,0
DA:311,0
DA:312,0
DA:322,1
DA:323,1
DA:324,1
DA:325,1
DA:326,1
DA:327,1
DA:328,1
DA:329,1
DA:331,1
DA:332,1
DA:334,0
DA:335,0
DA:337,0
DA:338,0
DA:340,0
DA:341,0
DA:343,1
DA:344,1
DA:346,1
DA:358,1
DA:359,1
DA:361,1
LF:134
LH:114
BRDA:16,0,0,1
BRDA:16,0,1,1
BRDA:16,0,2,1
BRDA:17,1,0,3
BRDA:17,1,1,0
BRDA:17,2,0,3
BRDA:17,2,1,0
BRDA:18,3,0,0
BRDA:18,3,1,10
BRDA:18,4,0,10
BRDA:18,4,1,10
BRDA:19,5,0,0
BRDA:19,5,1,0
BRDA:23,6,0,3
BRDA:23,6,1,3
BRDA:25,7,0,1
BRDA:25,7,1,1
BRDA:25,7,2,1
BRDA:26,8,0,2
BRDA:26,8,1,0
BRDA:26,9,0,2
BRDA:26,9,1,2
BRDA:45,10,0,2
BRDA:45,10,1,0
BRDA:45,11,0,2
BRDA:45,11,1,2
BRDA:94,12,0,0
BRDA:94,12,1,8
BRDA:140,13,0,1
BRDA:140,13,1,3
BRDA:227,14,0,4
BRDA:227,14,1,2
BRDA:232,15,0,2
BRDA:232,15,1,2
BRDA:243,16,0,0
BRDA:243,16,1,2
BRDA:243,17,0,2
BRDA:243,17,1,2
BRDA:256,18,0,0
BRDA:256,18,1,2
BRDA:256,19,0,2
BRDA:256,19,1,2
BRDA:330,20,0,1
BRDA:330,20,1,0
BRDA:330,20,2,0
BRDA:330,20,3,0
BRF:46
BRH:33
end_of_record
TN:
SF:dist/transformers/encoders/dummy.encoder.js
FN:2,(anonymous_0)
FN:3,(anonymous_1)
FN:13,(anonymous_2)
FN:22,(anonymous_3)
FN:57,dummyEncode
FN:65,(anonymous_5)
FN:103,(anonymous_6)
FN:111,(anonymous_7)
FNF:8
FNH:1
FNDA:0,(anonymous_0)
FNDA:0,(anonymous_1)
FNDA:0,(anonymous_2)
FNDA:3,(anonymous_3)
FNDA:0,dummyEncode
FNDA:0,(anonymous_5)
FNDA:0,(anonymous_6)
FNDA:0,(anonymous_7)
DA:2,1
DA:3,0
DA:4,0
DA:5,0
DA:6,0
DA:7,0
DA:9,0
DA:11,0
DA:13,1
DA:14,0
DA:15,0
DA:16,0
DA:17,0
DA:20,0
DA:22,1
DA:23,3
DA:25,1
DA:40,1
DA:41,1
DA:42,1
DA:43,1
DA:58,0
DA:59,0
DA:60,0
DA:62,0
DA:63,0
DA:64,0
DA:65,0
DA:66,0
DA:67,0
DA:70,0
DA:74,0
DA:76,0
DA:77,0
DA:78,0
DA:79,0
DA:81,0
DA:82,0
DA:85,0
DA:87,0
DA:88,0
DA:90,0
DA:91,0
DA:94,0
DA:97,0
DA:98,0
DA:99,0
DA:100,0
DA:102,0
DA:103,0
DA:106,0
DA:107,0
DA:108,0
DA:110,0
DA:111,0
DA:116,0
DA:118,0
DA:119,0
DA:120,0
DA:121,0
DA:122,0
DA:123,0
DA:124,0
DA:125,0
DA:127,0
DA:128,0
DA:129,0
DA:131,0
DA:134,0
DA:135,0
DA:136,0
DA:137,0
DA:138,0
DA:139,0
DA:140,0
DA:141,0
DA:142,0
DA:143,0
DA:144,0
DA:145,0
DA:146,0
DA:148,0
DA:149,0
DA:152,0
DA:155,1
LF:85
LH:10
BRDA:2,0,0,1
BRDA:2,0,1,1
BRDA:2,0,2,1
BRDA:3,1,0,0
BRDA:3,1,1,0
BRDA:6,2,0,0
BRDA:6,2,1,0
BRDA:13,3,0,1
BRDA:13,3,1,1
BRDA:13,3,2,1
BRDA:14,4,0,0
BRDA:14,4,1,0
BRDA:14,5,0,0
BRDA:14,5,1,0
BRDA:15,6,0,0
BRDA:15,6,1,0
BRDA:15,7,0,0
BRDA:15,7,1,0
BRDA:16,8,0,0
BRDA:16,8,1,0
BRDA:20,9,0,0
BRDA:20,9,1,0
BRDA:22,10,0,1
BRDA:22,10,1,1
BRDA:22,10,2,1
BRDA:23,11,0,3
BRDA:23,11,1,0
BRDA:23,12,0,3
BRDA:23,12,1,3
BRDA:59,13,0,0
BRDA:59,13,1,0
BRDA:62,14,0,0
BRDA:62,14,1,0
BRDA:62,15,0,0
BRDA:62,15,1,0
BRDA:63,16,0,0
BRDA:63,16,1,0
BRDA:66,17,0,0
BRDA:66,17,1,0
BRDA:76,18,0,0
BRDA:76,18,1,0
BRDA:78,19,0,0
BRDA:78,19,1,0
BRDA:78,20,0,0
BRDA:78,20,1,0
BRDA:81,21,0,0
BRDA:81,21,1,0
BRDA:87,22,0,0
BRDA:87,22,1,0
BRDA:87,23,0,0
BRDA:87,23,1,0
BRDA:90,24,0,0
BRDA:90,24,1,0
BRDA:97,25,0,0
BRDA:97,25,1,0
BRDA:98,26,0,0
BRDA:98,26,1,0
BRDA:99,27,0,0
BRDA:99,27,1,0
BRDA:99,28,0,0
BRDA:99,28,1,0
BRDA:102,29,0,0
BRDA:102,29,1,0
BRDA:106,30,0,0
BRDA:106,30,1,0
BRDA:107,31,0,0
BRDA:107,31,1,0
BRDA:107,32,0,0
BRDA:107,32,1,0
BRDA:110,33,0,0
BRDA:110,33,1,0
BRDA:118,34,0,0
BRDA:118,34,1,0
BRDA:128,35,0,0
BRDA:128,35,1,0
BRDA:135,36,0,0
BRDA:135,36,1,0
BRDA:135,37,0,0
BRDA:135,37,1,0
BRDA:136,38,0,0
BRDA:136,38,1,0
BRDA:136,39,0,0
BRDA:136,39,1,0
BRDA:145,40,0,0
BRDA:145,40,1,0
BRF:85
BRH:12
end_of_record
TN:
SF:dist/transformers/encoders/label.encoder.js
FN:2,(anonymous_0)
FN:27,(anonymous_1)
FN:28,LabelEncoder
FN:31,(anonymous_3)
FN:61,(anonymous_4)
FN:65,(anonymous_5)
FN:82,(anonymous_6)
FN:85,(anonymous_7)
FN:108,(anonymous_8)
FN:123,(anonymous_9)
FN:126,(anonymous_10)
FN:127,(anonymous_11)
FN:129,(anonymous_12)
FN:159,(anonymous_13)
FN:177,(anonymous_14)
FNF:15
FNH:2
FNDA:2,(anonymous_0)
FNDA:1,(anonymous_1)
FNDA:0,LabelEncoder
FNDA:0,(anonymous_3)
FNDA:0,(anonymous_4)
FNDA:0,(anonymous_5)
FNDA:0,(anonymous_6)
FNDA:0,(anonymous_7)
FNDA:0,(anonymous_8)
FNDA:0,(anonymous_9)
FNDA:0,(anonymous_10)
FNDA:0,(anonymous_11)
FNDA:0,(anonymous_12)
FNDA:0,(anonymous_13)
FNDA:0,(anonymous_14)
DA:2,1
DA:3,2
DA:5,1
DA:20,1
DA:21,1
DA:22,1
DA:23,1
DA:27,1
DA:29,0
DA:31,1
DA:33,0
DA:34,0
DA:35,0
DA:38,0
DA:41,0
DA:42,0
DA:44,0
DA:45,0
DA:48,0
DA:50,0
DA:61,1
DA:62,0
DA:63,0
DA:64,0
DA:65,0
DA:66,0
DA:68,0
DA:69,0
DA:82,1
DA:83,0
DA:84,0
DA:85,0
DA:86,0
DA:88,0
DA:89,0
DA:91,0
DA:92,0
DA:95,0
DA:108,1
DA:109,0
DA:110,0
DA:123,1
DA:124,0
DA:125,0
DA:126,0
DA:127,0
DA:129,0
DA:130,0
DA:131,0
DA:134,0
DA:137,0
DA:138,0
DA:140,0
DA:141,0
DA:144,0
DA:147,1
DA:160,0
DA:165,1
DA:178,0
DA:183,1
DA:185,1
LF:61
LH:17
BRDA:2,0,0,1
BRDA:2,0,1,1
BRDA:2,0,2,1
BRDA:3,1,0,2
BRDA:3,1,1,0
BRDA:3,2,0,2
BRDA:3,2,1,2
BRDA:33,3,0,0
BRDA:33,3,1,0
BRDA:34,4,0,0
BRDA:34,4,1,0
BRDA:41,5,0,0
BRDA:41,5,1,0
BRDA:44,6,0,0
BRDA:44,6,1,0
BRDA:88,7,0,0
BRDA:88,7,1,0
BRDA:91,8,0,0
BRDA:91,8,1,0
BRDA:130,9,0,0
BRDA:130,9,1,0
BRDA:137,10,0,0
BRDA:137,10,1,0
BRDA:140,11,0,0
BRDA:140,11,1,0
BRF:25
BRH:6
end_of_record
TN:
SF:dist/transformers/encoders/one.hot.encoder.js
FN:16,(anonymous_0)
FN:33,(anonymous_1)
FN:34,OneHotEncoder
FN:37,(anonymous_3)
FN:68,(anonymous_4)
FN:84,(anonymous_5)
FN:112,(anonymous_6)
FNF:7
FNH:2
FNDA:3,(anonymous_0)
FNDA:1,(anonymous_1)
FNDA:0,OneHotEncoder
FNDA:0,(anonymous_3)
FNDA:0,(anonymous_4)
FNDA:0,(anonymous_5)
FNDA:0,(anonymous_6)
DA:16,1
DA:17,3
DA:19,1
DA:20,1
DA:21,1
DA:22,1
DA:23,1
DA:24,1
DA:33,1
DA:35,0
DA:37,1
DA:39,0
DA:40,0
DA:41,0
DA:44,0
DA:47,0
DA:48,0
DA:50,0
DA:51,0
DA:54,0
DA:56,0
DA:68,1
DA:69,0
DA:70,0
DA:71,0
DA:72,0
DA:84,1
DA:85,0
DA:86,0
DA:87,0
DA:88,0
DA:89,0
DA:91,0
DA:92,0
DA:94,0
DA:95,0
DA:100,0
DA:112,1
DA:113,0
DA:114,0
DA:116,1
DA:118,1
LF:42
LH:15
BRDA:16,0,0,1
BRDA:16,0,1,1
BRDA:16,0,2,1
BRDA:17,1,0,3
BRDA:17,1,1,0
BRDA:17,2,0,3
BRDA:17,2,1,3
BRDA:39,3,0,0
BRDA:39,3,1,0
BRDA:40,4,0,0
BRDA:40,4,1,0
BRDA:47,5,0,0
BRDA:47,5,1,0
BRDA:50,6,0,0
BRDA:50,6,1,0
BRDA:91,7,0,0
BRDA:91,7,1,0
BRDA:94,8,0,0
BRDA:94,8,1,0
BRF:19
BRH:6
end_of_record
TN:
SF:dist/transformers/scalers/min.max.scaler.js
FN:16,(anonymous_0)
FN:17,(anonymous_1)
FN:27,(anonymous_2)
FN:41,(anonymous_3)
FN:42,MinMaxScaler
FN:46,(anonymous_5)
FN:83,(anonymous_6)
FN:99,(anonymous_7)
FN:132,(anonymous_8)
FN:146,(anonymous_9)
FNF:10
FNH:2
FNDA:0,(anonymous_0)
FNDA:0,(anonymous_1)
FNDA:3,(anonymous_2)
FNDA:1,(anonymous_3)
FNDA:0,MinMaxScaler
FNDA:0,(anonymous_5)
FNDA:0,(anonymous_6)
FNDA:0,(anonymous_7)
FNDA:0,(anonymous_8)
FNDA:0,(anonymous_9)
DA:16,1
DA:17,0
DA:18,0
DA:19,0
DA:20,0
DA:21,0
DA:23,0
DA:25,0
DA:27,1
DA:28,3
DA:30,1
DA:31,1
DA:32,1
DA:33,1
DA:34,1
DA:35,1
DA:41,1
DA:43,0
DA:44,0
DA:46,1
DA:48,0
DA:49,0
DA:50,0
DA:53,0
DA:56,0
DA:57,0
DA:59,0
DA:60,0
DA:62,0
DA:63,0
DA:66,0
DA:68,0
DA:83,1
DA:84,0
DA:85,0
DA:86,0
DA:87,0
DA:99,1
DA:100,0
DA:101,0
DA:104,0
DA:105,0
DA:107,0
DA:108,0
DA:112,0
DA:113,0
DA:120,0
DA:132,1
DA:133,0
DA:134,0
DA:146,1
DA:147,0
DA:148,0
DA:151,0
DA:152,0
DA:154,0
DA:155,0
DA:159,0
DA:160,0
DA:167,0
DA:170,1
DA:172,1
LF:62
LH:17
BRDA:16,0,0,1
BRDA:16,0,1,1
BRDA:16,0,2,1
BRDA:17,1,0,0
BRDA:17,1,1,0
BRDA:20,2,0,0
BRDA:20,2,1,0
BRDA:27,3,0,1
BRDA:27,3,1,1
BRDA:27,3,2,1
BRDA:28,4,0,3
BRDA:28,4,1,0
BRDA:28,5,0,3
BRDA:28,5,1,3
BRDA:48,6,0,0
BRDA:48,6,1,0
BRDA:49,7,0,0
BRDA:49,7,1,0
BRDA:56,8,0,0
BRDA:56,8,1,0
BRDA:59,9,0,0
BRDA:59,9,1,0
BRDA:62,10,0,0
BRDA:62,10,1,0
BRDA:104,11,0,0
BRDA:104,11,1,0
BRDA:107,12,0,0
BRDA:107,12,1,0
BRDA:112,13,0,0
BRDA:112,13,1,0
BRDA:151,14,0,0
BRDA:151,14,1,0
BRDA:154,15,0,0
BRDA:154,15,1,0
BRDA:159,16,0,0
BRDA:159,16,1,0
BRF:36
BRH:9
end_of_record
TN:
SF:dist/transformers/scalers/standard.scaler.js
FN:16,(anonymous_0)
FN:17,(anonymous_1)
FN:27,(anonymous_2)
FN:41,(anonymous_3)
FN:42,StandardScaler
FN:46,(anonymous_5)
FN:78,(anonymous_6)
FN:94,(anonymous_7)
FN:126,(anonymous_8)
FN:142,(anonymous_9)
FNF:10
FNH:2
FNDA:0,(anonymous_0)
FNDA:0,(anonymous_1)
FNDA:3,(anonymous_2)
FNDA:1,(anonymous_3)
FNDA:0,StandardScaler
FNDA:0,(anonymous_5)
FNDA:0,(anonymous_6)
FNDA:0,(anonymous_7)
FNDA:0,(anonymous_8)
FNDA:0,(anonymous_9)
DA:16,1
DA:17,0
DA:18,0
DA:19,0
DA:20,0
DA:21,0
DA:23,0
DA:25,0
DA:27,1
DA:28,3
DA:30,1
DA:31,1
DA:32,1
DA:33,1
DA:34,1
DA:35,1
DA:41,1
DA:43,0
DA:44,0
DA:46,1
DA:48,0
DA:49,0
DA:50,0
DA:53,0
DA:56,0
DA:57,0
DA:59,0
DA:60,0
DA:62,0
DA:63,0
DA:66,0
DA:68,0
DA:78,1
DA:79,0
DA:80,0
DA:81,0
DA:82,0
DA:94,1
DA:95,0
DA:96,0
DA:97,0
DA:98,0
DA:100,0
DA:101,0
DA:105,0
DA:106,0
DA:113,0
DA:126,1
DA:127,0
DA:128,0
DA:142,1
DA:143,0
DA:144,0
DA:145,0
DA:146,0
DA:148,0
DA:149,0
DA:153,0
DA:154,0
DA:161,0
DA:164,1
DA:166,1
LF:62
LH:17
BRDA:16,0,0,1
BRDA:16,0,1,1
BRDA:16,0,2,1
BRDA:17,1,0,0
BRDA:17,1,1,0
BRDA:20,2,0,0
BRDA:20,2,1,0
BRDA:27,3,0,1
BRDA:27,3,1,1
BRDA:27,3,2,1
BRDA:28,4,0,3
BRDA:28,4,1,0
BRDA:28,5,0,3
BRDA:28,5,1,3
BRDA:48,6,0,0
BRDA:48,6,1,0
BRDA:49,7,0,0
BRDA:49,7,1,0
BRDA:56,8,0,0
BRDA:56,8,1,0
BRDA:59,9,0,0
BRDA:59,9,1,0
BRDA:62,10,0,0
BRDA:62,10,1,0
BRDA:97,11,0,0
BRDA:97,11,1,0
BRDA:100,12,0,0
BRDA:100,12,1,0
BRDA:105,13,0,0
BRDA:105,13,1,0
BRDA:145,14,0,0
BRDA:145,14,1,0
BRDA:148,15,0,0
BRDA:148,15,1,0
BRDA:153,16,0,0
BRDA:153,16,1,0
BRF:36
BRH:9
end_of_record
TN:
SF:dist/transformers/streams/csv.stream.transformer.js
FN:2,(anonymous_0)
FN:3,(anonymous_1)
FN:13,(anonymous_2)
FN:36,(anonymous_3)
FN:38,(anonymous_4)
FN:75,(anonymous_5)
FN:81,(anonymous_6)
FN:90,(anonymous_7)
FNF:8
FNH:1
FNDA:0,(anonymous_0)
FNDA:0,(anonymous_1)
FNDA:1,(anonymous_2)
FNDA:0,(anonymous_3)
FNDA:0,(anonymous_4)
FNDA:0,(anonymous_5)
FNDA:0,(anonymous_6)
FNDA:0,(anonymous_7)
DA:2,1
DA:3,0
DA:4,0
DA:5,0
DA:6,0
DA:7,0
DA:9,0
DA:11,0
DA:13,1
DA:14,1
DA:16,1
DA:17,1
DA:18,1
DA:19,1
DA:36,1
DA:37,0
DA:38,0
DA:39,0
DA:40,0
DA:41,0
DA:43,0
DA:45,1
DA:75,1
DA:76,0
DA:77,0
DA:78,0
DA:82,0
DA:83,0
DA:87,0
DA:91,0
DA:92,0
DA:96,1
LF:32
LH:11
BRDA:2,0,0,1
BRDA:2,0,1,1
BRDA:2,0,2,1
BRDA:3,1,0,0
BRDA:3,1,1,0
BRDA:6,2,0,0
BRDA:6,2,1,0
BRDA:13,3,0,1
BRDA:13,3,1,1
BRDA:13,3,2,1
BRDA:14,4,0,0
BRDA:14,4,1,1
BRDA:14,5,0,1
BRDA:14,5,1,1
BRDA:77,6,0,0
BRDA:77,6,1,0
BRF:16
BRH:9
end_of_record
